<?xml version="1.0" encoding="utf-8"?><testsuites name="pytest tests"><testsuite name="pytest" errors="0" failures="0" skipped="0" tests="6" time="2.542" timestamp="2026-04-20T20:19:22.447750+00:00" hostname="agent-env-2b236eb7-34f5-49d8-add3-0e9c0b785fc0"><testcase classname="tests.test_iteration58_workforce.TestOvertimeSettings" name="test_save_and_persist_overtime_thresholds" time="0.813" /><testcase classname="tests.test_iteration58_workforce.TestDashboardStats" name="test_dashboard_stats_includes_overtime_alerts" time="0.134" /><testcase classname="tests.test_iteration58_workforce.TestMarkWeekOff" name="test_mark_week_off_creates_leave_and_deletes_shifts" time="0.688" /><testcase classname="tests.test_iteration58_workforce.TestMarkWeekOff" name="test_clear_week_off_only_removes_bulk_leaves" time="0.380" /><testcase classname="tests.test_iteration58_workforce.TestMarkWeekOff" name="test_clear_week_off_route_not_shadowed" time="0.104" /><testcase classname="tests.test_iteration58_workforce.TestDeleteShiftRegression" name="test_create_then_delete_specific_shift" time="0.360" /></testsuite></testsuites>