<?xml version="1.0" encoding="utf-8"?><testsuites name="pytest tests"><testsuite name="pytest" errors="0" failures="0" skipped="0" tests="5" time="5.107" timestamp="2026-06-14T16:56:22.274054+00:00" hostname="agent-env-2b236eb7-34f5-49d8-add3-0e9c0b785fc0"><testcase classname="backend.tests.test_iteration64_privacy_and_setbyadmin.TestPrivacyTogglePersist" name="test_toggle_on_then_off" time="0.879" /><testcase classname="backend.tests.test_iteration64_privacy_and_setbyadmin.TestStaffPaySummaryHidden" name="test_summary_hidden_when_toggle_on" time="1.305" /><testcase classname="backend.tests.test_iteration64_privacy_and_setbyadmin.TestManagerExceptionToToggle" name="test_manager_with_manage_rota_not_hidden" time="2.002" /><testcase classname="backend.tests.test_iteration64_privacy_and_setbyadmin.TestSetByAdminInSchedulerBlocks" name="test_mark_day_off_sets_set_by_admin_in_blocks" time="0.420" /><testcase classname="backend.tests.test_iteration64_privacy_and_setbyadmin.TestSetByAdminInSchedulerBlocks" name="test_mark_week_off_sets_bulk_and_set_by_admin" time="0.437" /></testsuite></testsuites>