<?xml version="1.0" encoding="utf-8"?><testsuites name="pytest tests"><testsuite name="pytest" errors="0" failures="0" skipped="0" tests="16" time="10.090" timestamp="2026-04-29T06:07:25.609834+00:00" hostname="agent-env-2b236eb7-34f5-49d8-add3-0e9c0b785fc0"><testcase classname="backend.tests.test_iteration62_stripe_billing.TestCreateCheckout" name="test_unauthenticated" time="0.150" /><testcase classname="backend.tests.test_iteration62_stripe_billing.TestCreateCheckout" name="test_staff_forbidden" time="0.481" /><testcase classname="backend.tests.test_iteration62_stripe_billing.TestCreateCheckout" name="test_platform_owner_blocked" time="0.484" /><testcase classname="backend.tests.test_iteration62_stripe_billing.TestCreateCheckout" name="test_admin_reaches_stripe" time="0.621" /><testcase classname="backend.tests.test_iteration62_stripe_billing.TestCancelSubscription" name="test_unauthenticated" time="0.099" /><testcase classname="backend.tests.test_iteration62_stripe_billing.TestCancelSubscription" name="test_staff_forbidden" time="0.118" /><testcase classname="backend.tests.test_iteration62_stripe_billing.TestCancelSubscription" name="test_admin_no_sub" time="0.109" /><testcase classname="backend.tests.test_iteration62_stripe_billing.TestBillingPortal" name="test_unauthenticated" time="0.104" /><testcase classname="backend.tests.test_iteration62_stripe_billing.TestBillingPortal" name="test_staff_forbidden" time="0.120" /><testcase classname="backend.tests.test_iteration62_stripe_billing.TestBillingPortal" name="test_admin_no_customer" time="0.101" /><testcase classname="backend.tests.test_iteration62_stripe_billing.TestMySubscription" name="test_returns_stripe_fields" time="0.102" /><testcase classname="backend.tests.test_iteration62_stripe_billing.TestWebhookSimulations" name="test_checkout_session_completed_activates_restaurant" time="0.221" /><testcase classname="backend.tests.test_iteration62_stripe_billing.TestWebhookSimulations" name="test_invoice_payment_succeeded_creates_notification" time="0.508" /><testcase classname="backend.tests.test_iteration62_stripe_billing.TestWebhookSimulations" name="test_subscription_deleted_marks_cancelled" time="0.411" /><testcase classname="backend.tests.test_iteration62_stripe_billing.TestWebhookSimulations" name="test_zzz_restore_state" time="0.380" /><testcase classname="backend.tests.test_iteration62_stripe_billing.TestWebhookSignatureProd" name="test_signed_secret_rejects_unsigned" time="6.008" /></testsuite></testsuites>