<?xml version="1.0" encoding="utf-8"?><testsuites name="pytest tests"><testsuite name="pytest" errors="0" failures="0" skipped="1" tests="12" time="3.104" timestamp="2026-05-17T22:12:21.651355+00:00" hostname="agent-env-2b236eb7-34f5-49d8-add3-0e9c0b785fc0"><testcase classname="backend.tests.test_iteration63_print_payroll.TestIndexesInitialized" name="test_health_ok" time="0.155" /><testcase classname="backend.tests.test_iteration63_print_payroll.TestAdminForceClose" name="test_force_close_requires_admin" time="0.504" /><testcase classname="backend.tests.test_iteration63_print_payroll.TestAdminForceClose" name="test_force_close_unauth" time="0.120" /><testcase classname="backend.tests.test_iteration63_print_payroll.TestAdminForceClose" name="test_force_close_404" time="0.453" /><testcase classname="backend.tests.test_iteration63_print_payroll.TestAdminForceClose" name="test_force_close_short_shift" time="0.109"><skipped type="pytest.skip" message="clock-me unavailable: 400 {&quot;detail&quot;:&quot;Location required for clock in/out. Please enable GPS.&quot;}">/app/backend/tests/test_iteration63_print_payroll.py:79: clock-me unavailable: 400 {"detail":"Location required for clock in/out. Please enable GPS."}</skipped></testcase><testcase classname="backend.tests.test_iteration63_print_payroll.TestTimesheetsCSVExport" name="test_csv_requires_admin" time="0.119" /><testcase classname="backend.tests.test_iteration63_print_payroll.TestTimesheetsCSVExport" name="test_csv_unauth" time="0.114" /><testcase classname="backend.tests.test_iteration63_print_payroll.TestTimesheetsCSVExport" name="test_csv_basic_export" time="0.167" /><testcase classname="backend.tests.test_iteration63_print_payroll.TestTimesheetsCSVExport" name="test_csv_missing_params" time="0.129" /><testcase classname="backend.tests.test_iteration63_print_payroll.TestPrintersByRoute" name="test_invalid_route_400" time="0.117" /><testcase classname="backend.tests.test_iteration63_print_payroll.TestPrintersByRoute" name="test_valid_routes_return_list" time="0.466" /><testcase classname="backend.tests.test_iteration63_print_payroll.TestPrintersByRoute" name="test_routes_field_persists" time="0.587" /></testsuite></testsuites>