<?xml version="1.0" encoding="utf-8"?><testsuites name="pytest tests"><testsuite name="pytest" errors="0" failures="0" skipped="0" tests="23" time="6.678" timestamp="2026-04-02T23:39:28.612749+00:00" hostname="agent-env-3aba41d8-269e-4198-8566-db0f69501881"><testcase classname="backend.tests.test_wifi_subnet_detection.TestCapacitorWifiIntegration" name="test_capacitor_wifi_import" time="0.000" /><testcase classname="backend.tests.test_wifi_subnet_detection.TestCapacitorWifiIntegration" name="test_get_device_subnet_method_exists" time="0.000" /><testcase classname="backend.tests.test_wifi_subnet_detection.TestCapacitorWifiIntegration" name="test_get_device_subnet_calls_capacitor_wifi" time="0.000" /><testcase classname="backend.tests.test_wifi_subnet_detection.TestCapacitorWifiIntegration" name="test_get_device_subnet_extracts_subnet" time="0.000" /><testcase classname="backend.tests.test_wifi_subnet_detection.TestCapacitorWifiIntegration" name="test_get_device_subnet_returns_null_on_web" time="0.000" /><testcase classname="backend.tests.test_wifi_subnet_detection.TestScanWifiPrintersMethod" name="test_scan_wifi_printers_signature" time="0.000" /><testcase classname="backend.tests.test_wifi_subnet_detection.TestScanWifiPrintersMethod" name="test_scan_wifi_printers_calls_get_device_subnet" time="0.000" /><testcase classname="backend.tests.test_wifi_subnet_detection.TestScanWifiPrintersMethod" name="test_scan_wifi_printers_reports_progress" time="0.000" /><testcase classname="backend.tests.test_wifi_subnet_detection.TestScanWifiPrintersMethod" name="test_scan_wifi_printers_throws_on_no_wifi" time="0.000" /><testcase classname="backend.tests.test_wifi_subnet_detection.TestScanWifiPrintersMethod" name="test_scan_wifi_printers_uses_detected_subnet" time="0.000" /><testcase classname="backend.tests.test_wifi_subnet_detection.TestPrinterSettingsIntegration" name="test_printer_settings_uses_on_progress_callback" time="0.000" /><testcase classname="backend.tests.test_wifi_subnet_detection.TestPrinterSettingsIntegration" name="test_printer_settings_shows_scan_progress" time="0.000" /><testcase classname="backend.tests.test_wifi_subnet_detection.TestPrinterSettingsIntegration" name="test_printer_settings_native_wifi_scan_path" time="0.000" /><testcase classname="backend.tests.test_wifi_subnet_detection.TestPackageJsonDependency" name="test_capacitor_wifi_dependency_exists" time="0.000" /><testcase classname="backend.tests.test_wifi_subnet_detection.TestPackageJsonDependency" name="test_all_four_native_plugins_installed" time="0.000" /><testcase classname="backend.tests.test_wifi_subnet_detection.TestPreviousFeaturesStillWork" name="test_print_to_device_still_exists" time="0.000" /><testcase classname="backend.tests.test_wifi_subnet_detection.TestPreviousFeaturesStillWork" name="test_bluetooth_discovery_still_works" time="0.000" /><testcase classname="backend.tests.test_wifi_subnet_detection.TestPreviousFeaturesStillWork" name="test_tcp_socket_import_still_exists" time="0.000" /><testcase classname="backend.tests.test_wifi_subnet_detection.TestPreviousFeaturesStillWork" name="test_print_wifi_native_still_works" time="0.000" /><testcase classname="backend.tests.test_wifi_subnet_detection.TestPreviousFeaturesStillWork" name="test_printer_settings_test_button_still_works" time="0.000" /><testcase classname="backend.tests.test_wifi_subnet_detection.TestBackendAPIs" name="test_get_printers_endpoint" time="0.552" /><testcase classname="backend.tests.test_wifi_subnet_detection.TestBackendAPIs" name="test_get_default_printer_endpoint" time="0.472" /><testcase classname="backend.tests.test_wifi_subnet_detection.TestBackendAPIs" name="test_printer_test_endpoint" time="5.547" /></testsuite></testsuites>