<?xml version="1.0" encoding="utf-8"?><testsuites name="pytest tests"><testsuite name="pytest" errors="0" failures="0" skipped="0" tests="15" time="3.332" timestamp="2026-04-12T15:55:48.600438+00:00" hostname="agent-env-6d386a81-ead2-4275-9fc0-22fa5976135b"><testcase classname="backend.tests.test_iteration42_swap_requests.TestSwapRequestsAndShifts" name="test_01_create_shift_for_staff" time="0.907" /><testcase classname="backend.tests.test_iteration42_swap_requests.TestSwapRequestsAndShifts" name="test_02_get_shifts_returns_created_shift" time="0.113" /><testcase classname="backend.tests.test_iteration42_swap_requests.TestSwapRequestsAndShifts" name="test_03_staff_creates_swap_request" time="0.501" /><testcase classname="backend.tests.test_iteration42_swap_requests.TestSwapRequestsAndShifts" name="test_04_duplicate_swap_request_rejected" time="0.114" /><testcase classname="backend.tests.test_iteration42_swap_requests.TestSwapRequestsAndShifts" name="test_05_admin_gets_pending_swap_requests" time="0.136" /><testcase classname="backend.tests.test_iteration42_swap_requests.TestSwapRequestsAndShifts" name="test_06_staff_gets_own_swap_requests" time="0.111" /><testcase classname="backend.tests.test_iteration42_swap_requests.TestSwapRequestsAndShifts" name="test_07_staff_cannot_approve_swap" time="0.116" /><testcase classname="backend.tests.test_iteration42_swap_requests.TestSwapRequestsAndShifts" name="test_08_admin_approves_swap_request" time="0.213" /><testcase classname="backend.tests.test_iteration42_swap_requests.TestSwapRequestsAndShifts" name="test_09_create_another_shift_for_reject_test" time="0.255" /><testcase classname="backend.tests.test_iteration42_swap_requests.TestSwapRequestsAndShifts" name="test_10_staff_creates_second_swap_request" time="0.109" /><testcase classname="backend.tests.test_iteration42_swap_requests.TestSwapRequestsAndShifts" name="test_11_admin_rejects_swap_request" time="0.112" /><testcase classname="backend.tests.test_iteration42_swap_requests.TestSwapRequestsAndShifts" name="test_12_rejected_swap_not_in_pending_list" time="0.119" /><testcase classname="backend.tests.test_iteration42_swap_requests.TestSwapRequestsAndShifts" name="test_13_swap_request_without_auth_fails" time="0.110" /><testcase classname="backend.tests.test_iteration42_swap_requests.TestSwapRequestsAndShifts" name="test_14_swap_request_for_nonexistent_shift_fails" time="0.112" /><testcase classname="backend.tests.test_iteration42_swap_requests.TestCleanup" name="test_cleanup_test_shifts" time="0.233" /></testsuite></testsuites>