<?xml version="1.0" encoding="utf-8"?><testsuites name="pytest tests"><testsuite name="pytest" errors="0" failures="0" skipped="3" tests="30" time="9.887" timestamp="2026-04-05T00:22:16.559906+00:00" hostname="agent-env-3aba41d8-269e-4198-8566-db0f69501881"><testcase classname="tests.test_iteration24_features.TestAuthentication" name="test_login_platform_owner" time="0.394" /><testcase classname="tests.test_iteration24_features.TestAuthentication" name="test_login_restaurant_admin" time="0.345" /><testcase classname="tests.test_iteration24_features.TestAuthentication" name="test_login_staff_user" time="0.348" /><testcase classname="tests.test_iteration24_features.TestAuthentication" name="test_login_invalid_credentials" time="0.111" /><testcase classname="tests.test_iteration24_features.TestCategoriesMultiTenancy" name="test_categories_require_auth" time="0.106" /><testcase classname="tests.test_iteration24_features.TestCategoriesMultiTenancy" name="test_get_categories_for_restaurant_admin" time="0.452" /><testcase classname="tests.test_iteration24_features.TestCategoriesMultiTenancy" name="test_categories_have_required_fields" time="0.470" /><testcase classname="tests.test_iteration24_features.TestProductsMultiTenancy" name="test_products_require_auth" time="0.097" /><testcase classname="tests.test_iteration24_features.TestProductsMultiTenancy" name="test_get_products_for_restaurant_admin" time="0.461" /><testcase classname="tests.test_iteration24_features.TestProductsMultiTenancy" name="test_products_have_required_fields" time="0.441" /><testcase classname="tests.test_iteration24_features.TestOrdersMultiTenancy" name="test_orders_require_auth" time="0.123" /><testcase classname="tests.test_iteration24_features.TestOrdersMultiTenancy" name="test_get_pending_orders" time="0.472" /><testcase classname="tests.test_iteration24_features.TestOrdersMultiTenancy" name="test_get_all_orders_with_date_range" time="0.483" /><testcase classname="tests.test_iteration24_features.TestReportsAPI" name="test_reports_stats_require_auth" time="0.115" /><testcase classname="tests.test_iteration24_features.TestReportsAPI" name="test_get_reports_stats_30_days" time="0.464" /><testcase classname="tests.test_iteration24_features.TestReportsAPI" name="test_get_today_stats" time="0.460" /><testcase classname="tests.test_iteration24_features.TestReportsAPI" name="test_pdf_report_generation" time="0.454" /><testcase classname="tests.test_iteration24_features.TestPOSScreenAPIs" name="test_pos_loads_categories" time="0.446" /><testcase classname="tests.test_iteration24_features.TestPOSScreenAPIs" name="test_pos_loads_products" time="0.456" /><testcase classname="tests.test_iteration24_features.TestPOSScreenAPIs" name="test_pos_loads_tables" time="0.500" /><testcase classname="tests.test_iteration24_features.TestPOSScreenAPIs" name="test_pos_can_create_order" time="0.560" /><testcase classname="tests.test_iteration24_features.TestCashDrawerAccess" name="test_cash_drawer_accessible_by_staff" time="0.442" /><testcase classname="tests.test_iteration24_features.TestCashDrawerAccess" name="test_cash_drawer_accessible_by_admin" time="0.471" /><testcase classname="tests.test_iteration24_features.TestKDSAPIs" name="test_kds_orders_require_auth" time="0.104" /><testcase classname="tests.test_iteration24_features.TestKDSAPIs" name="test_kds_get_orders" time="0.452" /><testcase classname="tests.test_iteration24_features.TestKDSAPIs" name="test_kds_stats" time="0.119"><skipped type="pytest.skip" message="Restaurant admin login failed">/app/backend/tests/test_iteration24_features.py:372: Restaurant admin login failed</skipped></testcase><testcase classname="tests.test_iteration24_features.TestQRMenuPublicAccess" name="test_qr_menu_with_valid_hash" time="0.132" /><testcase classname="tests.test_iteration24_features.TestQRMenuPublicAccess" name="test_qr_menu_invalid_hash_returns_404" time="0.112" /><testcase classname="tests.test_iteration24_features.TestDashboardAPIs" name="test_dashboard_today_stats" time="0.103"><skipped type="pytest.skip" message="Restaurant admin login failed">/app/backend/tests/test_iteration24_features.py:408: Restaurant admin login failed</skipped></testcase><testcase classname="tests.test_iteration24_features.TestDashboardAPIs" name="test_restaurant_info" time="0.107"><skipped type="pytest.skip" message="Restaurant admin login failed">/app/backend/tests/test_iteration24_features.py:418: Restaurant admin login failed</skipped></testcase></testsuite></testsuites>