<?xml version="1.0" encoding="utf-8"?><testsuites name="pytest tests"><testsuite name="pytest" errors="0" failures="0" skipped="0" tests="22" time="9.940" timestamp="2026-04-03T14:17:06.593240+00:00" hostname="agent-env-3aba41d8-269e-4198-8566-db0f69501881"><testcase classname="tests.test_iteration20_features.TestAuth" name="test_login_restaurant_admin" time="0.423" /><testcase classname="tests.test_iteration20_features.TestAuth" name="test_login_platform_owner" time="0.341" /><testcase classname="tests.test_iteration20_features.TestAuth" name="test_login_invalid_credentials" time="0.110" /><testcase classname="tests.test_iteration20_features.TestRateLimiting" name="test_qr_menu_rate_limit_exists" time="0.599" /><testcase classname="tests.test_iteration20_features.TestPrinterCheck" name="test_printer_check_endpoint_exists" time="3.458" /><testcase classname="tests.test_iteration20_features.TestPrinterCheck" name="test_printer_check_requires_auth" time="0.097" /><testcase classname="tests.test_iteration20_features.TestPrinterCheck" name="test_printer_check_default_port" time="3.147" /><testcase classname="tests.test_iteration20_features.TestQRMenu" name="test_qr_guest_menu_loads" time="0.099" /><testcase classname="tests.test_iteration20_features.TestQRMenu" name="test_qr_guest_menu_invalid_hash" time="0.106" /><testcase classname="tests.test_iteration20_features.TestQRMenu" name="test_qr_guest_menu_invalid_restaurant" time="0.117" /><testcase classname="tests.test_iteration20_features.TestQRMenu" name="test_place_qr_order_success" time="0.152" /><testcase classname="tests.test_iteration20_features.TestQRMenu" name="test_place_qr_order_empty_items" time="0.118" /><testcase classname="tests.test_iteration20_features.TestQRAdmin" name="test_get_table_hashes_requires_auth" time="0.106" /><testcase classname="tests.test_iteration20_features.TestQRAdmin" name="test_get_table_hashes_with_auth" time="0.107" /><testcase classname="tests.test_iteration20_features.TestQRAdmin" name="test_generate_all_hashes" time="0.110" /><testcase classname="tests.test_iteration20_features.TestPOSEndpoints" name="test_get_pending_orders" time="0.133" /><testcase classname="tests.test_iteration20_features.TestPOSEndpoints" name="test_get_products" time="0.111" /><testcase classname="tests.test_iteration20_features.TestPOSEndpoints" name="test_get_categories" time="0.099" /><testcase classname="tests.test_iteration20_features.TestPOSEndpoints" name="test_get_tables" time="0.127" /><testcase classname="tests.test_iteration20_features.TestPOSEndpoints" name="test_get_printers" time="0.098" /><testcase classname="tests.test_iteration20_features.TestPOSEndpoints" name="test_get_default_printer" time="0.108" /><testcase classname="tests.test_iteration20_features.TestTableManagement" name="test_get_reservations" time="0.094" /></testsuite></testsuites>