<?xml version="1.0" encoding="utf-8"?><testsuites name="pytest tests"><testsuite name="pytest" errors="0" failures="0" skipped="0" tests="10" time="3.475" timestamp="2026-04-16T23:38:00.780750+00:00" hostname="agent-env-2b236eb7-34f5-49d8-add3-0e9c0b785fc0"><testcase classname="backend.tests.test_iteration55_pos_improvements.TestOrderTypes" name="test_create_order_with_takeaway_type" time="0.753" /><testcase classname="backend.tests.test_iteration55_pos_improvements.TestOrderTypes" name="test_create_order_with_eat_in_type" time="0.138" /><testcase classname="backend.tests.test_iteration55_pos_improvements.TestOrderTypes" name="test_create_order_with_table_sets_dine_in" time="0.268" /><testcase classname="backend.tests.test_iteration55_pos_improvements.TestDeltaPrinting" name="test_order_items_have_printed_to_kitchen_field" time="0.121" /><testcase classname="backend.tests.test_iteration55_pos_improvements.TestDeltaPrinting" name="test_mark_printed_endpoint" time="0.441" /><testcase classname="backend.tests.test_iteration55_pos_improvements.TestPrintSettings" name="test_get_security_settings_returns_print_fields" time="0.124" /><testcase classname="backend.tests.test_iteration55_pos_improvements.TestPrintSettings" name="test_update_print_settings" time="0.484" /><testcase classname="backend.tests.test_iteration55_pos_improvements.TestResendEmail" name="test_resend_email_endpoint_exists" time="0.561" /><testcase classname="backend.tests.test_iteration55_pos_improvements.TestResendEmail" name="test_resend_email_requires_email" time="0.267" /><testcase classname="backend.tests.test_iteration55_pos_improvements.TestOrderUpdate" name="test_update_order_preserves_order_type" time="0.231" /></testsuite></testsuites>