<?xml version="1.0" encoding="utf-8"?><testsuites name="pytest tests"><testsuite name="pytest" errors="0" failures="1" skipped="0" tests="12" time="41.287" timestamp="2026-04-12T17:43:23.262138+00:00" hostname="agent-env-6d386a81-ead2-4275-9fc0-22fa5976135b"><testcase classname="backend.tests.test_iteration44_bug_fixes.TestSwapRequestCanAcceptForAdmin" name="test_admin_sees_can_accept_when_in_target_list" time="1.687" /><testcase classname="backend.tests.test_iteration44_bug_fixes.TestSwapRequestCancelEndpoint" name="test_cancel_waiting_acceptance_swap" time="1.191" /><testcase classname="backend.tests.test_iteration44_bug_fixes.TestSwapRequestCancelEndpoint" name="test_cannot_cancel_approved_swap" time="1.483" /><testcase classname="backend.tests.test_iteration44_bug_fixes.TestCopyWeekNoDuplicates" name="test_copy_week_clears_target_before_copying" time="1.921" /><testcase classname="backend.tests.test_iteration44_bug_fixes.TestAttendanceIsOperationalFilter" name="test_live_attendance_excludes_non_operational" time="0.450" /><testcase classname="backend.tests.test_iteration44_bug_fixes.TestAttendanceIsOperationalFilter" name="test_my_status_excludes_sick_leave" time="0.469" /><testcase classname="backend.tests.test_iteration44_bug_fixes.TestAttendanceIsOperationalFilter" name="test_dashboard_stats_returns_unavailable_count" time="0.469" /><testcase classname="backend.tests.test_iteration44_bug_fixes.TestSickLeaveCreatesNonOperationalAttendance" name="test_drop_shift_sickness_creates_non_operational_attendance" time="1.193" /><testcase classname="backend.tests.test_iteration44_bug_fixes.TestWeekStartDaySetting" name="test_week_start_day_in_restaurant_settings" time="0.465" /><testcase classname="backend.tests.test_iteration44_bug_fixes.TestWeekStartDaySetting" name="test_update_week_start_day" time="31.348" /><testcase classname="backend.tests.test_iteration44_bug_fixes.TestLoginWorks" name="test_admin_login" time="0.405" /><testcase classname="backend.tests.test_iteration44_bug_fixes.TestLoginWorks" name="test_staff_login" time="0.102"><failure message="AssertionError: Staff login failed: {&quot;error&quot;:&quot;Rate limit exceeded: 10 per 1 minute&quot;}&#10;assert 429 == 200&#10; +  where 429 = &lt;Response [429]&gt;.status_code">backend/tests/test_iteration44_bug_fixes.py:478: in test_staff_login
    assert resp.status_code == 200, f"Staff login failed: {resp.text}"
E   AssertionError: Staff login failed: {"error":"Rate limit exceeded: 10 per 1 minute"}
E   assert 429 == 200
E    +  where 429 = &lt;Response [429]&gt;.status_code</failure></testcase></testsuite></testsuites>