<?xml version="1.0" encoding="utf-8"?><testsuites name="pytest tests"><testsuite name="pytest" errors="0" failures="0" skipped="0" tests="19" time="9.515" timestamp="2026-04-02T16:48:02.747764+00:00" hostname="agent-env-3aba41d8-269e-4198-8566-db0f69501881"><testcase classname="tests.test_refactored_backend.TestHealthAndRoot" name="test_root_endpoint" time="0.195" /><testcase classname="tests.test_refactored_backend.TestAuthentication" name="test_platform_owner_login" time="0.440" /><testcase classname="tests.test_refactored_backend.TestAuthentication" name="test_restaurant_admin_login" time="0.383" /><testcase classname="tests.test_refactored_backend.TestAuthentication" name="test_staff_user_login" time="0.349" /><testcase classname="tests.test_refactored_backend.TestAuthentication" name="test_invalid_login" time="0.236" /><testcase classname="tests.test_refactored_backend.TestMenuEndpoints" name="test_get_categories" time="0.461" /><testcase classname="tests.test_refactored_backend.TestMenuEndpoints" name="test_get_products" time="0.462" /><testcase classname="tests.test_refactored_backend.TestOrderEndpoints" name="test_get_pending_orders" time="0.492" /><testcase classname="tests.test_refactored_backend.TestReportEndpoints" name="test_get_today_stats" time="0.525" /><testcase classname="tests.test_refactored_backend.TestPrinterEndpoints" name="test_get_printers" time="0.479" /><testcase classname="tests.test_refactored_backend.TestPrinterEndpoints" name="test_discover_printers" time="1.102" /><testcase classname="tests.test_refactored_backend.TestStaffEndpoints" name="test_get_staff_list" time="0.527" /><testcase classname="tests.test_refactored_backend.TestRestaurantEndpoints" name="test_get_my_restaurant" time="0.498" /><testcase classname="tests.test_refactored_backend.TestTableEndpoints" name="test_get_tables" time="0.466" /><testcase classname="tests.test_refactored_backend.TestReservationEndpoints" name="test_get_reservations" time="0.470" /><testcase classname="tests.test_refactored_backend.TestPlatformOwnerEndpoints" name="test_get_subscriptions" time="0.462" /><testcase classname="tests.test_refactored_backend.TestPlatformOwnerEndpoints" name="test_get_notifications" time="0.474" /><testcase classname="tests.test_refactored_backend.TestPlatformOwnerEndpoints" name="test_subscriptions_forbidden_for_non_platform_owner" time="0.969" /><testcase classname="tests.test_refactored_backend.TestEmailEndpoints" name="test_email_send_graceful_skip" time="0.468" /></testsuite></testsuites>