<?xml version="1.0" encoding="utf-8"?><testsuites name="pytest tests"><testsuite name="pytest" errors="0" failures="0" skipped="2" tests="13" time="7.994" timestamp="2026-04-18T20:19:05.797938+00:00" hostname="agent-env-2b236eb7-34f5-49d8-add3-0e9c0b785fc0"><testcase classname="backend.tests.test_iteration57_weekly_pay.TestWeeklyPaySummary" name="test_my_summary_returns_200" time="0.451" /><testcase classname="backend.tests.test_iteration57_weekly_pay.TestWeeklyPaySummary" name="test_my_summary_has_weekly_breakdown" time="0.426" /><testcase classname="backend.tests.test_iteration57_weekly_pay.TestWeeklyPaySummary" name="test_weekly_breakdown_has_7_days" time="0.429" /><testcase classname="backend.tests.test_iteration57_weekly_pay.TestWeeklyPaySummary" name="test_weekly_breakdown_day_structure" time="0.434" /><testcase classname="backend.tests.test_iteration57_weekly_pay.TestWeeklyPaySummary" name="test_weekly_breakdown_day_names" time="0.419" /><testcase classname="backend.tests.test_iteration57_weekly_pay.TestWeeklyPaySummary" name="test_my_summary_has_week_approved_rejected" time="0.411" /><testcase classname="backend.tests.test_iteration57_weekly_pay.TestWeeklyPaySummary" name="test_my_summary_has_recent_records" time="0.442" /><testcase classname="backend.tests.test_iteration57_weekly_pay.TestEmployeeCorrection" name="test_correction_rejects_non_rejected_record" time="0.930" /><testcase classname="backend.tests.test_iteration57_weekly_pay.TestEmployeeCorrection" name="test_correction_rejects_approved_record" time="0.734"><skipped type="pytest.skip" message="No approved record found to test">/app/backend/tests/test_iteration57_weekly_pay.py:240: No approved record found to test</skipped></testcase><testcase classname="backend.tests.test_iteration57_weekly_pay.TestCorrectionFlow" name="test_full_correction_flow" time="1.946"><skipped type="pytest.skip" message="Could not reject timesheet: 422">/app/backend/tests/test_iteration57_weekly_pay.py:360: Could not reject timesheet: 422</skipped></testcase><testcase classname="backend.tests.test_iteration57_weekly_pay.TestMyCorrectionEndpoint" name="test_correction_requires_auth" time="0.488" /><testcase classname="backend.tests.test_iteration57_weekly_pay.TestMyCorrectionEndpoint" name="test_correction_returns_404_for_invalid_record" time="0.390" /><testcase classname="backend.tests.test_iteration57_weekly_pay.TestMyCorrectionEndpoint" name="test_correction_validates_request_body" time="0.441" /></testsuite></testsuites>