<?xml version="1.0" encoding="utf-8"?><testsuites name="pytest tests"><testsuite name="pytest" errors="0" failures="0" skipped="0" tests="20" time="11.094" timestamp="2026-04-02T21:30:45.429959+00:00" hostname="agent-env-3aba41d8-269e-4198-8566-db0f69501881"><testcase classname="tests.test_bluetooth_classic_support.TestBackendPrinterEndpoints" name="test_get_default_printer" time="0.412" /><testcase classname="tests.test_bluetooth_classic_support.TestBackendPrinterEndpoints" name="test_test_printer_returns_sent_field" time="5.098" /><testcase classname="tests.test_bluetooth_classic_support.TestBackendPrinterEndpoints" name="test_wifi_tcp_proxy_endpoint" time="5.055" /><testcase classname="tests.test_bluetooth_classic_support.TestBackendPrinterEndpoints" name="test_print_kitchen_receipt_returns_base64" time="0.382" /><testcase classname="tests.test_bluetooth_classic_support.TestBackendPrinterEndpoints" name="test_print_customer_receipt_returns_base64" time="0.090" /><testcase classname="tests.test_bluetooth_classic_support.TestBluetoothClassicFrontendCode" name="test_package_json_has_bluetooth_printer_dependency" time="0.000" /><testcase classname="tests.test_bluetooth_classic_support.TestBluetoothClassicFrontendCode" name="test_printer_js_imports_bluetooth_classic_plugin" time="0.000" /><testcase classname="tests.test_bluetooth_classic_support.TestBluetoothClassicFrontendCode" name="test_printer_js_has_spp_ble_fallback_logic" time="0.000" /><testcase classname="tests.test_bluetooth_classic_support.TestBluetoothClassicFrontendCode" name="test_printer_js_has_list_paired_devices" time="0.000" /><testcase classname="tests.test_bluetooth_classic_support.TestBluetoothClassicFrontendCode" name="test_printer_js_has_scan_ble_devices" time="0.000" /><testcase classname="tests.test_bluetooth_classic_support.TestBluetoothClassicFrontendCode" name="test_printer_js_has_print_to_device" time="0.000" /><testcase classname="tests.test_bluetooth_classic_support.TestPrinterSettingsBluetoothDiscovery" name="test_printer_settings_calls_list_paired_devices" time="0.000" /><testcase classname="tests.test_bluetooth_classic_support.TestPrinterSettingsBluetoothDiscovery" name="test_printer_settings_calls_scan_ble_devices" time="0.000" /><testcase classname="tests.test_bluetooth_classic_support.TestPrinterSettingsBluetoothDiscovery" name="test_printer_settings_shows_paired_badge" time="0.000" /><testcase classname="tests.test_bluetooth_classic_support.TestPrinterSettingsBluetoothDiscovery" name="test_printer_settings_mentions_paired_devices_in_ui" time="0.000" /><testcase classname="tests.test_bluetooth_classic_support.TestPOSScreenPrintIntegration" name="test_pos_screen_has_send_to_printer" time="0.000" /><testcase classname="tests.test_bluetooth_classic_support.TestPOSScreenPrintIntegration" name="test_pos_screen_fetches_default_printer" time="0.000" /><testcase classname="tests.test_bluetooth_classic_support.TestPOSScreenPrintIntegration" name="test_pos_screen_calls_print_to_device" time="0.000" /><testcase classname="tests.test_bluetooth_classic_support.TestAPIServicePrinterMethods" name="test_api_js_has_get_default" time="0.000" /><testcase classname="tests.test_bluetooth_classic_support.TestAPIServicePrinterMethods" name="test_api_js_has_send_to_wifi" time="0.001" /></testsuite></testsuites>