<?xml version="1.0" encoding="utf-8"?><testsuites name="pytest tests"><testsuite name="pytest" errors="0" failures="0" skipped="0" tests="15" time="4.352" timestamp="2026-04-03T13:52:14.811478+00:00" hostname="agent-env-3aba41d8-269e-4198-8566-db0f69501881"><testcase classname="tests.test_qr_menu_features.TestQRMenuPublicEndpoints" name="test_qr_guest_menu_loads" time="0.185" /><testcase classname="tests.test_qr_menu_features.TestQRMenuPublicEndpoints" name="test_qr_guest_menu_shows_categories" time="0.104" /><testcase classname="tests.test_qr_menu_features.TestQRMenuPublicEndpoints" name="test_qr_guest_menu_shows_products_with_prices" time="0.101" /><testcase classname="tests.test_qr_menu_features.TestQRMenuPublicEndpoints" name="test_qr_guest_menu_invalid_hash" time="0.100" /><testcase classname="tests.test_qr_menu_features.TestQRMenuPublicEndpoints" name="test_qr_guest_menu_invalid_restaurant" time="0.103" /><testcase classname="tests.test_qr_menu_features.TestQROrderPlacement" name="test_place_qr_order_success" time="0.218" /><testcase classname="tests.test_qr_menu_features.TestQROrderPlacement" name="test_place_qr_order_empty_items" time="0.097" /><testcase classname="tests.test_qr_menu_features.TestQROrderPlacement" name="test_place_qr_order_invalid_table" time="0.093" /><testcase classname="tests.test_qr_menu_features.TestQRAdminEndpoints" name="test_get_table_hashes_auth_required" time="0.464" /><testcase classname="tests.test_qr_menu_features.TestQRAdminEndpoints" name="test_get_table_hashes_with_auth" time="0.444" /><testcase classname="tests.test_qr_menu_features.TestQRAdminEndpoints" name="test_generate_all_hashes" time="0.461" /><testcase classname="tests.test_qr_menu_features.TestPendingOrdersVerification" name="test_qr_order_appears_in_pending" time="0.665" /><testcase classname="tests.test_qr_menu_features.TestPOSScreenAccess" name="test_login_restaurant_admin" time="0.355" /><testcase classname="tests.test_qr_menu_features.TestPOSScreenAccess" name="test_pos_endpoints_work" time="0.772" /><testcase classname="tests.test_qr_menu_features.TestSocketIOServer" name="test_socketio_endpoint_exists" time="0.108" /></testsuite></testsuites>