<?xml version="1.0" encoding="utf-8"?><testsuites name="pytest tests"><testsuite name="pytest" errors="0" failures="0" skipped="0" tests="17" time="3.803" timestamp="2026-04-14T21:40:41.240107+00:00" hostname="agent-env-6d386a81-ead2-4275-9fc0-22fa5976135b"><testcase classname="backend.tests.test_iteration46_leave_availability" name="test_01_login_admin" time="0.400" /><testcase classname="backend.tests.test_iteration46_leave_availability" name="test_02_login_staff" time="0.440" /><testcase classname="backend.tests.test_iteration46_leave_availability" name="test_03_create_leave_request_as_staff" time="0.124" /><testcase classname="backend.tests.test_iteration46_leave_availability" name="test_04_get_leave_requests_as_staff" time="0.120" /><testcase classname="backend.tests.test_iteration46_leave_availability" name="test_05_get_pending_leave_requests_as_admin" time="0.112" /><testcase classname="backend.tests.test_iteration46_leave_availability" name="test_06_overlapping_leave_request_rejected" time="0.214" /><testcase classname="backend.tests.test_iteration46_leave_availability" name="test_07_approve_leave_request_as_admin" time="0.123" /><testcase classname="backend.tests.test_iteration46_leave_availability" name="test_08_verify_approved_leave_status" time="0.103" /><testcase classname="backend.tests.test_iteration46_leave_availability" name="test_09_create_and_decline_leave_request" time="0.350" /><testcase classname="backend.tests.test_iteration46_leave_availability" name="test_10_cancel_pending_leave_request" time="0.224" /><testcase classname="backend.tests.test_iteration46_leave_availability" name="test_11_save_availability_rules" time="0.152" /><testcase classname="backend.tests.test_iteration46_leave_availability" name="test_12_get_availability_rules" time="0.125" /><testcase classname="backend.tests.test_iteration46_leave_availability" name="test_13_get_scheduler_blocks" time="0.115" /><testcase classname="backend.tests.test_iteration46_leave_availability" name="test_14_top_products_sorted_by_revenue" time="0.118" /><testcase classname="backend.tests.test_iteration46_leave_availability" name="test_15_top_products_sorted_by_quantity" time="0.100" /><testcase classname="backend.tests.test_iteration46_leave_availability" name="test_16_default_sort_is_revenue" time="0.119" /><testcase classname="backend.tests.test_iteration46_leave_availability" name="test_99_cleanup_test_data" time="0.790" /></testsuite></testsuites>