<?xml version="1.0" encoding="utf-8"?><testsuites name="pytest tests"><testsuite name="pytest" errors="0" failures="0" skipped="0" tests="13" time="6.343" timestamp="2026-04-02T14:46:33.231568+00:00" hostname="agent-env-3aba41d8-269e-4198-8566-db0f69501881"><testcase classname="backend.tests.test_iteration10_bugs.TestAuthentication" name="test_platform_owner_login" time="0.408" /><testcase classname="backend.tests.test_iteration10_bugs.TestAuthentication" name="test_restaurant_admin_login" time="0.364" /><testcase classname="backend.tests.test_iteration10_bugs.TestStaffManagement" name="test_get_staff_list" time="0.466" /><testcase classname="backend.tests.test_iteration10_bugs.TestStaffManagement" name="test_staff_response_excludes_password" time="0.504" /><testcase classname="backend.tests.test_iteration10_bugs.TestStaffManagement" name="test_create_staff_user" time="0.854" /><testcase classname="backend.tests.test_iteration10_bugs.TestOrdersDateFiltering" name="test_orders_today_only_param" time="0.472" /><testcase classname="backend.tests.test_iteration10_bugs.TestOrdersDateFiltering" name="test_orders_date_range_params" time="0.452" /><testcase classname="backend.tests.test_iteration10_bugs.TestReportsStats" name="test_report_stats_has_cash_card_totals" time="0.452" /><testcase classname="backend.tests.test_iteration10_bugs.TestReportsStats" name="test_today_stats_has_cash_card_totals" time="0.443" /><testcase classname="backend.tests.test_iteration10_bugs.TestQuickRangeReports" name="test_today_range" time="0.447" /><testcase classname="backend.tests.test_iteration10_bugs.TestQuickRangeReports" name="test_7_days_range" time="0.498" /><testcase classname="backend.tests.test_iteration10_bugs.TestQuickRangeReports" name="test_30_days_range" time="0.464" /><testcase classname="backend.tests.test_iteration10_bugs.TestQuickRangeReports" name="test_90_days_range" time="0.458" /></testsuite></testsuites>