<?xml version="1.0" encoding="utf-8"?><testsuites name="pytest tests"><testsuite name="pytest" errors="0" failures="3" skipped="0" tests="18" time="8.648" timestamp="2026-04-03T15:06:34.183506+00:00" hostname="agent-env-3aba41d8-269e-4198-8566-db0f69501881"><testcase classname="backend.tests.test_kds_features.TestKDSAuthentication" name="test_kds_orders_requires_auth" time="0.248" /><testcase classname="backend.tests.test_kds_features.TestKDSAuthentication" name="test_kds_stats_requires_auth" time="0.112" /><testcase classname="backend.tests.test_kds_features.TestKDSOrdersEndpoint" name="test_get_kds_orders_success" time="0.560" /><testcase classname="backend.tests.test_kds_features.TestKDSOrdersEndpoint" name="test_kds_orders_have_source_field" time="0.599" /><testcase classname="backend.tests.test_kds_features.TestKDSBumpWorkflow" name="test_acknowledge_order" time="0.638" /><testcase classname="backend.tests.test_kds_features.TestKDSBumpWorkflow" name="test_start_preparing_order" time="0.789" /><testcase classname="backend.tests.test_kds_features.TestKDSBumpWorkflow" name="test_mark_order_ready" time="0.686" /><testcase classname="backend.tests.test_kds_features.TestKDSBumpWorkflow" name="test_recall_order" time="0.752" /><testcase classname="backend.tests.test_kds_features.TestKDSStatsEndpoint" name="test_get_kds_stats_success" time="0.536" /><testcase classname="backend.tests.test_kds_features.TestKDSStatsEndpoint" name="test_kds_stats_has_status_counts" time="0.515" /><testcase classname="backend.tests.test_kds_features.TestKDSErrorHandling" name="test_acknowledge_nonexistent_order" time="0.475" /><testcase classname="backend.tests.test_kds_features.TestKDSErrorHandling" name="test_preparing_nonexistent_order" time="0.477" /><testcase classname="backend.tests.test_kds_features.TestKDSErrorHandling" name="test_ready_nonexistent_order" time="0.525" /><testcase classname="backend.tests.test_kds_features.TestKDSErrorHandling" name="test_recall_nonexistent_order" time="0.546" /><testcase classname="backend.tests.test_kds_features.TestRegressionPOSAndQR" name="test_login_restaurant_admin" time="0.154"><failure message="AssertionError: Login failed: 429 - {&quot;error&quot;:&quot;Rate limit exceeded: 10 per 1 minute&quot;}&#10;assert 429 == 200&#10; +  where 429 = &lt;Response [429]&gt;.status_code">backend/tests/test_kds_features.py:258: in test_login_restaurant_admin
    assert response.status_code == 200, f"Login failed: {response.status_code} - {response.text}"
E   AssertionError: Login failed: 429 - {"error":"Rate limit exceeded: 10 per 1 minute"}
E   assert 429 == 200
E    +  where 429 = &lt;Response [429]&gt;.status_code</failure></testcase><testcase classname="backend.tests.test_kds_features.TestRegressionPOSAndQR" name="test_qr_menu_loads" time="0.109"><failure message="AssertionError: QR menu failed: 404 - {&quot;detail&quot;:&quot;Not Found&quot;}&#10;assert 404 == 200&#10; +  where 404 = &lt;Response [404]&gt;.status_code">backend/tests/test_kds_features.py:266: in test_qr_menu_loads
    assert response.status_code == 200, f"QR menu failed: {response.status_code} - {response.text}"
E   AssertionError: QR menu failed: 404 - {"detail":"Not Found"}
E   assert 404 == 200
E    +  where 404 = &lt;Response [404]&gt;.status_code</failure></testcase><testcase classname="backend.tests.test_kds_features.TestRegressionPOSAndQR" name="test_pos_orders_pending" time="0.554" /><testcase classname="backend.tests.test_kds_features.TestRegressionPOSAndQR" name="test_dashboard_reports_today" time="0.261"><failure message="AssertionError: Expected 200, got 401&#10;assert 401 == 200&#10; +  where 401 = &lt;Response [401]&gt;.status_code">backend/tests/test_kds_features.py:299: in test_dashboard_reports_today
    assert response.status_code == 200, f"Expected 200, got {response.status_code}"
E   AssertionError: Expected 200, got 401
E   assert 401 == 200
E    +  where 401 = &lt;Response [401]&gt;.status_code</failure></testcase></testsuite></testsuites>