<?xml version="1.0" encoding="utf-8"?><testsuites name="pytest tests"><testsuite name="pytest" errors="0" failures="1" skipped="4" tests="22" time="6.892" timestamp="2026-04-05T00:52:19.520509+00:00" hostname="agent-env-3aba41d8-269e-4198-8566-db0f69501881"><testcase classname="backend.tests.test_iteration25_comprehensive.TestAuthentication" name="test_login_restaurant_admin" time="0.426" /><testcase classname="backend.tests.test_iteration25_comprehensive.TestAuthentication" name="test_login_platform_owner" time="0.352" /><testcase classname="backend.tests.test_iteration25_comprehensive.TestAuthentication" name="test_login_staff_user" time="0.333" /><testcase classname="backend.tests.test_iteration25_comprehensive.TestAuthentication" name="test_login_invalid_credentials" time="0.113" /><testcase classname="backend.tests.test_iteration25_comprehensive.TestCategoriesAPI" name="test_get_categories_requires_auth" time="0.117" /><testcase classname="backend.tests.test_iteration25_comprehensive.TestCategoriesAPI" name="test_get_categories_for_restaurant" time="0.465" /><testcase classname="backend.tests.test_iteration25_comprehensive.TestProductsAPI" name="test_get_products_requires_auth" time="0.111" /><testcase classname="backend.tests.test_iteration25_comprehensive.TestProductsAPI" name="test_get_products_for_restaurant" time="0.444" /><testcase classname="backend.tests.test_iteration25_comprehensive.TestReportsAPI" name="test_get_reports_stats" time="0.454" /><testcase classname="backend.tests.test_iteration25_comprehensive.TestReportsAPI" name="test_get_today_stats" time="0.451" /><testcase classname="backend.tests.test_iteration25_comprehensive.TestReportsAPI" name="test_pdf_report_generation" time="0.458" /><testcase classname="backend.tests.test_iteration25_comprehensive.TestOrdersAPI" name="test_get_pending_orders" time="0.483" /><testcase classname="backend.tests.test_iteration25_comprehensive.TestOrdersAPI" name="test_get_orders_with_date_range" time="0.136"><skipped type="pytest.skip" message="Rate limited">/app/backend/tests/test_iteration25_comprehensive.py:202: Rate limited</skipped></testcase><testcase classname="backend.tests.test_iteration25_comprehensive.TestTablesAPI" name="test_get_tables" time="0.461" /><testcase classname="backend.tests.test_iteration25_comprehensive.TestQRMenuPublicAccess" name="test_qr_menu_valid_hash" time="0.118" /><testcase classname="backend.tests.test_iteration25_comprehensive.TestQRMenuPublicAccess" name="test_qr_menu_invalid_hash" time="0.103" /><testcase classname="backend.tests.test_iteration25_comprehensive.TestKDSAPI" name="test_get_kds_orders" time="0.482" /><testcase classname="backend.tests.test_iteration25_comprehensive.TestKDSAPI" name="test_get_kds_stats" time="0.119"><skipped type="pytest.skip" message="Rate limited">/app/backend/tests/test_iteration25_comprehensive.py:280: Rate limited</skipped></testcase><testcase classname="backend.tests.test_iteration25_comprehensive.TestCashDrawerAccess" name="test_cash_drawer_accessible_by_staff" time="0.463" /><testcase classname="backend.tests.test_iteration25_comprehensive.TestCashDrawerAccess" name="test_cash_drawer_accessible_by_admin" time="0.113"><skipped type="pytest.skip" message="Rate limited">/app/backend/tests/test_iteration25_comprehensive.py:321: Rate limited</skipped></testcase><testcase classname="backend.tests.test_iteration25_comprehensive.TestAuditLogAPI" name="test_get_audit_logs" time="0.462"><failure message="assert 404 == 200&#10; +  where 404 = &lt;Response [404]&gt;.status_code">backend/tests/test_iteration25_comprehensive.py:349: in test_get_audit_logs
    assert response.status_code == 200
E   assert 404 == 200
E    +  where 404 = &lt;Response [404]&gt;.status_code</failure></testcase><testcase classname="backend.tests.test_iteration25_comprehensive.TestPlatformOwnerAPIs" name="test_get_restaurants" time="0.119"><skipped type="pytest.skip" message="Rate limited">/app/backend/tests/test_iteration25_comprehensive.py:367: Rate limited</skipped></testcase></testsuite></testsuites>