<?xml version="1.0" encoding="utf-8"?><testsuites name="pytest tests"><testsuite name="pytest" errors="0" failures="1" skipped="0" tests="22" time="10.206" timestamp="2026-04-05T01:25:08.273169+00:00" hostname="agent-env-3aba41d8-269e-4198-8566-db0f69501881"><testcase classname="backend.tests.test_iteration25_comprehensive.TestAuthentication" name="test_login_restaurant_admin" time="0.373" /><testcase classname="backend.tests.test_iteration25_comprehensive.TestAuthentication" name="test_login_platform_owner" time="0.344" /><testcase classname="backend.tests.test_iteration25_comprehensive.TestAuthentication" name="test_login_staff_user" time="1.637" /><testcase classname="backend.tests.test_iteration25_comprehensive.TestAuthentication" name="test_login_invalid_credentials" time="0.121" /><testcase classname="backend.tests.test_iteration25_comprehensive.TestCategoriesAPI" name="test_get_categories_requires_auth" time="0.106" /><testcase classname="backend.tests.test_iteration25_comprehensive.TestCategoriesAPI" name="test_get_categories_for_restaurant" time="0.463" /><testcase classname="backend.tests.test_iteration25_comprehensive.TestProductsAPI" name="test_get_products_requires_auth" time="0.105" /><testcase classname="backend.tests.test_iteration25_comprehensive.TestProductsAPI" name="test_get_products_for_restaurant" time="0.472" /><testcase classname="backend.tests.test_iteration25_comprehensive.TestReportsAPI" name="test_get_reports_stats" time="0.469" /><testcase classname="backend.tests.test_iteration25_comprehensive.TestReportsAPI" name="test_get_today_stats" time="0.443" /><testcase classname="backend.tests.test_iteration25_comprehensive.TestReportsAPI" name="test_pdf_report_generation" time="0.455" /><testcase classname="backend.tests.test_iteration25_comprehensive.TestOrdersAPI" name="test_get_pending_orders" time="0.481" /><testcase classname="backend.tests.test_iteration25_comprehensive.TestOrdersAPI" name="test_get_orders_with_date_range" time="0.466" /><testcase classname="backend.tests.test_iteration25_comprehensive.TestTablesAPI" name="test_get_tables" time="0.467" /><testcase classname="backend.tests.test_iteration25_comprehensive.TestQRMenuPublicAccess" name="test_qr_menu_valid_hash" time="0.119" /><testcase classname="backend.tests.test_iteration25_comprehensive.TestQRMenuPublicAccess" name="test_qr_menu_invalid_hash" time="0.136" /><testcase classname="backend.tests.test_iteration25_comprehensive.TestKDSAPI" name="test_get_kds_orders" time="0.452" /><testcase classname="backend.tests.test_iteration25_comprehensive.TestKDSAPI" name="test_get_kds_stats" time="0.447" /><testcase classname="backend.tests.test_iteration25_comprehensive.TestCashDrawerAccess" name="test_cash_drawer_accessible_by_staff" time="1.153" /><testcase classname="backend.tests.test_iteration25_comprehensive.TestCashDrawerAccess" name="test_cash_drawer_accessible_by_admin" time="0.471" /><testcase classname="backend.tests.test_iteration25_comprehensive.TestAuditLogAPI" name="test_get_audit_logs" time="0.467"><failure message="assert 404 == 200&#10; +  where 404 = &lt;Response [404]&gt;.status_code">backend/tests/test_iteration25_comprehensive.py:349: in test_get_audit_logs
    assert response.status_code == 200
E   assert 404 == 200
E    +  where 404 = &lt;Response [404]&gt;.status_code</failure></testcase><testcase classname="backend.tests.test_iteration25_comprehensive.TestPlatformOwnerAPIs" name="test_get_restaurants" time="0.472" /></testsuite></testsuites>