<?xml version="1.0" encoding="utf-8"?><testsuites name="pytest tests"><testsuite name="pytest" errors="0" failures="0" skipped="0" tests="15" time="8.016" timestamp="2026-04-11T09:45:31.738281+00:00" hostname="agent-env-6d386a81-ead2-4275-9fc0-22fa5976135b"><testcase classname="backend.tests.test_iteration34_new_features.TestGeofenceEnforcement" name="test_clock_within_geofence_succeeds" time="0.633" /><testcase classname="backend.tests.test_iteration34_new_features.TestGeofenceEnforcement" name="test_clock_outside_geofence_fails_403" time="0.101" /><testcase classname="backend.tests.test_iteration34_new_features.TestGeofenceEnforcement" name="test_clock_without_location_when_business_has_coords_fails_400" time="0.108" /><testcase classname="backend.tests.test_iteration34_new_features.TestGeofenceEnforcement" name="test_clock_slightly_outside_10m_fails" time="0.117" /><testcase classname="backend.tests.test_iteration34_new_features.TestGeofenceEnforcement" name="test_clock_within_5m_succeeds" time="0.592" /><testcase classname="backend.tests.test_iteration34_new_features.TestStaffRicherProfile" name="test_create_staff_with_new_fields" time="0.907" /><testcase classname="backend.tests.test_iteration34_new_features.TestStaffRicherProfile" name="test_update_staff_with_new_fields" time="0.999" /><testcase classname="backend.tests.test_iteration34_new_features.TestBusinessTypeOnboarding" name="test_create_business_with_business_type" time="0.648" /><testcase classname="backend.tests.test_iteration34_new_features.TestBusinessTypeOnboarding" name="test_create_business_with_various_types" time="0.978" /><testcase classname="backend.tests.test_iteration34_new_features.TestBusinessLatLngSettings" name="test_update_business_with_lat_lng" time="0.592" /><testcase classname="backend.tests.test_iteration34_new_features.TestExistingEndpointsStillWork" name="test_pos_products_endpoint" time="0.456" /><testcase classname="backend.tests.test_iteration34_new_features.TestExistingEndpointsStillWork" name="test_pos_orders_endpoint" time="0.465" /><testcase classname="backend.tests.test_iteration34_new_features.TestExistingEndpointsStillWork" name="test_workforce_attendance_endpoint" time="0.436" /><testcase classname="backend.tests.test_iteration34_new_features.TestExistingEndpointsStillWork" name="test_workforce_shifts_endpoint" time="0.458" /><testcase classname="backend.tests.test_iteration34_new_features.TestExistingEndpointsStillWork" name="test_staff_list_endpoint" time="0.443" /></testsuite></testsuites>