<?xml version="1.0" encoding="utf-8"?><testsuites name="pytest tests"><testsuite name="pytest" errors="0" failures="0" skipped="0" tests="19" time="3.181" timestamp="2026-04-11T09:04:48.694313+00:00" hostname="agent-env-6d386a81-ead2-4275-9fc0-22fa5976135b"><testcase classname="tests.test_iteration33_public_endpoints.TestQRPublicEndpoints" name="test_qr_public_menu_without_auth" time="0.502" /><testcase classname="tests.test_iteration33_public_endpoints.TestQRPublicEndpoints" name="test_qr_public_menu_invalid_hash_returns_404" time="0.049" /><testcase classname="tests.test_iteration33_public_endpoints.TestQRPublicEndpoints" name="test_qr_public_menu_invalid_restaurant_returns_404" time="0.046" /><testcase classname="tests.test_iteration33_public_endpoints.TestQRPublicEndpoints" name="test_qr_public_order_without_auth" time="0.047" /><testcase classname="tests.test_iteration33_public_endpoints.TestKDSPublicEndpoints" name="test_kds_verify_pin_without_auth" time="0.283" /><testcase classname="tests.test_iteration33_public_endpoints.TestKDSPublicEndpoints" name="test_kds_verify_pin_invalid_pin" time="0.520" /><testcase classname="tests.test_iteration33_public_endpoints.TestKDSPublicEndpoints" name="test_kds_public_orders_without_auth" time="0.339" /><testcase classname="tests.test_iteration33_public_endpoints.TestKDSPublicEndpoints" name="test_kds_public_orders_invalid_token" time="0.043" /><testcase classname="tests.test_iteration33_public_endpoints.TestKDSPublicEndpoints" name="test_kds_public_stats_without_auth" time="0.047" /><testcase classname="tests.test_iteration33_public_endpoints.TestKDSAuthProtectedEndpoints" name="test_kds_orders_requires_auth" time="0.045" /><testcase classname="tests.test_iteration33_public_endpoints.TestKDSAuthProtectedEndpoints" name="test_kds_orders_with_auth" time="0.046" /><testcase classname="tests.test_iteration33_public_endpoints.TestKDSAuthProtectedEndpoints" name="test_kds_acknowledge_requires_auth" time="0.045" /><testcase classname="tests.test_iteration33_public_endpoints.TestAttendanceMyStatus" name="test_my_status_requires_auth" time="0.043" /><testcase classname="tests.test_iteration33_public_endpoints.TestAttendanceMyStatus" name="test_my_status_with_admin_auth" time="0.045" /><testcase classname="tests.test_iteration33_public_endpoints.TestAttendanceMyStatus" name="test_my_status_with_staff_auth" time="0.331" /><testcase classname="tests.test_iteration33_public_endpoints.TestAttendanceClockInOut" name="test_clock_endpoint_should_be_public_but_has_guard" time="0.045" /><testcase classname="tests.test_iteration33_public_endpoints.TestAttendanceClockInOut" name="test_clock_with_auth_works" time="0.545" /><testcase classname="tests.test_iteration33_public_endpoints.TestQRAdminEndpointsStillProtected" name="test_qr_tables_hashes_requires_auth" time="0.043" /><testcase classname="tests.test_iteration33_public_endpoints.TestQRAdminEndpointsStillProtected" name="test_qr_tables_hashes_with_auth" time="0.046" /></testsuite></testsuites>