<?xml version="1.0" encoding="utf-8"?><testsuites name="pytest tests"><testsuite name="pytest" errors="0" failures="0" skipped="0" tests="8" time="7.241" timestamp="2026-04-16T16:57:50.322046+00:00" hostname="agent-env-2b236eb7-34f5-49d8-add3-0e9c0b785fc0"><testcase classname="backend.tests.test_iteration52_bug_fixes.TestIteration52BugFixes" name="test_01_admin_login_works" time="0.752" /><testcase classname="backend.tests.test_iteration52_bug_fixes.TestIteration52BugFixes" name="test_02_staff_login_works" time="0.807" /><testcase classname="backend.tests.test_iteration52_bug_fixes.TestIteration52BugFixes" name="test_03_create_temp_staff_and_clock_in" time="2.524" /><testcase classname="backend.tests.test_iteration52_bug_fixes.TestIteration52BugFixes" name="test_04_delete_staff_cascades_attendance_close" time="0.463" /><testcase classname="backend.tests.test_iteration52_bug_fixes.TestIteration52BugFixes" name="test_05_dashboard_stats_filters_deleted_users" time="0.396" /><testcase classname="backend.tests.test_iteration52_bug_fixes.TestIteration52BugFixes" name="test_06_force_close_stale_endpoint" time="0.386" /><testcase classname="backend.tests.test_iteration52_bug_fixes.TestIteration52BugFixes" name="test_07_multiple_logins_no_crash" time="1.490" /><testcase classname="backend.tests.test_iteration52_bug_fixes.TestCryptoRandomUUIDFallback" name="test_login_generates_device_id" time="0.363" /></testsuite></testsuites>