<?xml version="1.0" encoding="utf-8"?><testsuites name="pytest tests"><testsuite name="pytest" errors="0" failures="0" skipped="0" tests="16" time="6.828" timestamp="2026-03-22T21:46:08.328730+00:00" hostname="agent-env-6fccc9cb-1e10-4f0d-a9f9-74a60a81c574"><testcase classname="backend.tests.test_hevapos_api.TestHealthCheck" name="test_api_root_accessible" time="0.245" /><testcase classname="backend.tests.test_hevapos_api.TestAuthentication" name="test_login_platform_owner_success" time="0.401" /><testcase classname="backend.tests.test_hevapos_api.TestAuthentication" name="test_login_restaurant_admin_success" time="0.348" /><testcase classname="backend.tests.test_hevapos_api.TestAuthentication" name="test_login_staff_success" time="0.375" /><testcase classname="backend.tests.test_hevapos_api.TestAuthentication" name="test_login_invalid_credentials" time="0.105" /><testcase classname="backend.tests.test_hevapos_api.TestAuthentication" name="test_login_wrong_password" time="0.370" /><testcase classname="backend.tests.test_hevapos_api.TestRoleBasedAccess" name="test_restaurants_api_platform_owner_access" time="0.496" /><testcase classname="backend.tests.test_hevapos_api.TestRoleBasedAccess" name="test_restaurants_api_restaurant_admin_forbidden" time="0.488" /><testcase classname="backend.tests.test_hevapos_api.TestRoleBasedAccess" name="test_restaurants_api_staff_forbidden" time="0.484" /><testcase classname="backend.tests.test_hevapos_api.TestProductsAPI" name="test_get_products_returns_11_products" time="0.445" /><testcase classname="backend.tests.test_hevapos_api.TestCategoriesAPI" name="test_get_categories_returns_4_categories" time="0.493" /><testcase classname="backend.tests.test_hevapos_api.TestAuthMe" name="test_auth_me_platform_owner" time="0.481" /><testcase classname="backend.tests.test_hevapos_api.TestAuthMe" name="test_auth_me_restaurant_admin" time="0.517" /><testcase classname="backend.tests.test_hevapos_api.TestAuthMe" name="test_auth_me_staff" time="0.472" /><testcase classname="backend.tests.test_hevapos_api.TestReportsAPI" name="test_reports_stats_admin_access" time="0.474" /><testcase classname="backend.tests.test_hevapos_api.TestReportsAPI" name="test_reports_stats_staff_forbidden" time="0.454" /></testsuite></testsuites>