<?xml version="1.0" encoding="utf-8"?><testsuites name="pytest tests"><testsuite name="pytest" errors="0" failures="0" skipped="0" tests="11" time="5.950" timestamp="2026-04-12T11:16:19.702003+00:00" hostname="agent-env-6d386a81-ead2-4275-9fc0-22fa5976135b"><testcase classname="backend.tests.test_iteration37_prelaunch_fixes.TestAuthLogin" name="test_skadmin_login" time="0.555" /><testcase classname="backend.tests.test_iteration37_prelaunch_fixes.TestAuthLogin" name="test_staff_user_login" time="0.347" /><testcase classname="backend.tests.test_iteration37_prelaunch_fixes.TestStaffPayTypeFields" name="test_get_staff_list_has_pay_fields" time="0.495" /><testcase classname="backend.tests.test_iteration37_prelaunch_fixes.TestStaffPayTypeFields" name="test_create_staff_with_monthly_pay" time="1.013" /><testcase classname="backend.tests.test_iteration37_prelaunch_fixes.TestStaffPayTypeFields" name="test_update_staff_pay_type" time="1.082" /><testcase classname="backend.tests.test_iteration37_prelaunch_fixes.TestGeofenceEnforcement" name="test_clock_rejects_far_coordinates" time="0.101" /><testcase classname="backend.tests.test_iteration37_prelaunch_fixes.TestGeofenceEnforcement" name="test_clock_rejects_missing_location_for_mobile" time="0.110" /><testcase classname="backend.tests.test_iteration37_prelaunch_fixes.TestGeofenceEnforcement" name="test_clock_succeeds_for_pos_terminal_without_location" time="0.648" /><testcase classname="backend.tests.test_iteration37_prelaunch_fixes.TestMySummaryEndpoint" name="test_my_summary_returns_pay_fields" time="0.445" /><testcase classname="backend.tests.test_iteration37_prelaunch_fixes.TestOnboardingEndpoint" name="test_create_staff_returns_onboarding_token" time="0.965" /><testcase classname="backend.tests.test_iteration37_prelaunch_fixes.TestOnboardingEndpoint" name="test_invalid_onboarding_token_returns_404" time="0.107" /></testsuite></testsuites>