<?xml version="1.0" encoding="utf-8"?><testsuites name="pytest tests"><testsuite name="pytest" errors="0" failures="0" skipped="6" tests="19" time="7.047" timestamp="2026-04-03T14:46:40.375470+00:00" hostname="agent-env-3aba41d8-269e-4198-8566-db0f69501881"><testcase classname="backend.tests.test_iteration21_features.TestAuthentication" name="test_login_restaurant_admin" time="0.434" /><testcase classname="backend.tests.test_iteration21_features.TestRevenueAnalyticsDashboard" name="test_reports_today_requires_auth" time="0.105" /><testcase classname="backend.tests.test_iteration21_features.TestRevenueAnalyticsDashboard" name="test_reports_today_returns_all_fields" time="0.495" /><testcase classname="backend.tests.test_iteration21_features.TestRevenueAnalyticsDashboard" name="test_hourly_revenue_structure" time="0.472" /><testcase classname="backend.tests.test_iteration21_features.TestQROrderingKillSwitch" name="test_get_restaurant_settings" time="0.461" /><testcase classname="backend.tests.test_iteration21_features.TestQROrderingKillSwitch" name="test_disable_qr_ordering" time="0.444" /><testcase classname="backend.tests.test_iteration21_features.TestQROrderingKillSwitch" name="test_qr_menu_returns_503_when_disabled" time="0.617" /><testcase classname="backend.tests.test_iteration21_features.TestQROrderingKillSwitch" name="test_enable_qr_ordering" time="0.471" /><testcase classname="backend.tests.test_iteration21_features.TestQROrderingKillSwitch" name="test_qr_menu_works_when_enabled" time="0.575" /><testcase classname="backend.tests.test_iteration21_features.TestQRGuestMenuRegression" name="test_qr_menu_loads" time="0.553" /><testcase classname="backend.tests.test_iteration21_features.TestQRGuestMenuRegression" name="test_qr_order_placement" time="0.694" /><testcase classname="backend.tests.test_iteration21_features.TestQRGuestMenuRegression" name="test_qr_menu_invalid_hash" time="0.572" /><testcase classname="backend.tests.test_iteration21_features.TestQRGuestMenuRegression" name="test_qr_menu_invalid_restaurant" time="0.102"><skipped type="pytest.skip" message="Authentication failed">/app/backend/tests/test_iteration21_features.py:285: Authentication failed</skipped></testcase><testcase classname="backend.tests.test_iteration21_features.TestPOSScreenRegression" name="test_get_products" time="0.096"><skipped type="pytest.skip" message="Authentication failed">/app/backend/tests/test_iteration21_features.py:303: Authentication failed</skipped></testcase><testcase classname="backend.tests.test_iteration21_features.TestPOSScreenRegression" name="test_get_categories" time="0.096"><skipped type="pytest.skip" message="Authentication failed">/app/backend/tests/test_iteration21_features.py:312: Authentication failed</skipped></testcase><testcase classname="backend.tests.test_iteration21_features.TestPOSScreenRegression" name="test_get_tables" time="0.108"><skipped type="pytest.skip" message="Authentication failed">/app/backend/tests/test_iteration21_features.py:321: Authentication failed</skipped></testcase><testcase classname="backend.tests.test_iteration21_features.TestPOSScreenRegression" name="test_get_pending_orders" time="0.110"><skipped type="pytest.skip" message="Authentication failed">/app/backend/tests/test_iteration21_features.py:330: Authentication failed</skipped></testcase><testcase classname="backend.tests.test_iteration21_features.TestSubscriptionBanner" name="test_get_subscription_info" time="0.096"><skipped type="pytest.skip" message="Authentication failed">/app/backend/tests/test_iteration21_features.py:351: Authentication failed</skipped></testcase><testcase classname="backend.tests.test_iteration21_features.TestCleanup" name="test_cleanup_enable_qr_ordering" time="0.461" /></testsuite></testsuites>