<?xml version="1.0" encoding="utf-8"?><testsuites name="pytest tests"><testsuite name="pytest" errors="0" failures="3" skipped="0" tests="18" time="11.942" timestamp="2026-04-02T13:12:19.066296+00:00" hostname="agent-env-3aba41d8-269e-4198-8566-db0f69501881"><testcase classname="backend.tests.test_new_features_iteration9.TestAuthentication" name="test_platform_owner_login" time="0.444" /><testcase classname="backend.tests.test_new_features_iteration9.TestAuthentication" name="test_restaurant_admin_login" time="0.362" /><testcase classname="backend.tests.test_new_features_iteration9.TestAuthentication" name="test_staff_user_login" time="0.348" /><testcase classname="backend.tests.test_new_features_iteration9.TestStaffManagement" name="test_get_staff_list" time="0.445" /><testcase classname="backend.tests.test_new_features_iteration9.TestStaffManagement" name="test_create_staff" time="0.723"><failure message="KeyError: 'username'">backend/tests/test_new_features_iteration9.py:84: in test_create_staff
    assert data["username"] == test_username
           ^^^^^^^^^^^^^^^^
E   KeyError: 'username'</failure></testcase><testcase classname="backend.tests.test_new_features_iteration9.TestStaffManagement" name="test_update_staff" time="0.807"><failure message="AssertionError: Failed to update staff: {&quot;detail&quot;:[{&quot;type&quot;:&quot;missing&quot;,&quot;loc&quot;:[&quot;body&quot;,&quot;password&quot;],&quot;msg&quot;:&quot;Field required&quot;,&quot;input&quot;:{&quot;username&quot;:&quot;TEST_update_1775135541&quot;,&quot;role&quot;:&quot;admin&quot;},&quot;url&quot;:&quot;https://errors.pydantic.dev/2.12/v/missing&quot;}]}&#10;assert 422 == 200&#10; +  where 422 = &lt;Response [422]&gt;.status_code">backend/tests/test_new_features_iteration9.py:107: in test_update_staff
    assert update_response.status_code == 200, f"Failed to update staff: {update_response.text}"
E   AssertionError: Failed to update staff: {"detail":[{"type":"missing","loc":["body","password"],"msg":"Field required","input":{"username":"TEST_update_1775135541","role":"admin"},"url":"https://errors.pydantic.dev/2.12/v/missing"}]}
E   assert 422 == 200
E    +  where 422 = &lt;Response [422]&gt;.status_code</failure></testcase><testcase classname="backend.tests.test_new_features_iteration9.TestStaffManagement" name="test_reset_staff_password" time="1.166" /><testcase classname="backend.tests.test_new_features_iteration9.TestStaffManagement" name="test_delete_staff" time="0.852" /><testcase classname="backend.tests.test_new_features_iteration9.TestChangePassword" name="test_change_password_success" time="1.896" /><testcase classname="backend.tests.test_new_features_iteration9.TestChangePassword" name="test_change_password_wrong_current" time="0.712" /><testcase classname="backend.tests.test_new_features_iteration9.TestStripeCheckout" name="test_stripe_checkout_endpoint_exists" time="0.484" /><testcase classname="backend.tests.test_new_features_iteration9.TestPrinterAPI" name="test_get_printers" time="0.480" /><testcase classname="backend.tests.test_new_features_iteration9.TestPrinterAPI" name="test_create_printer" time="0.468" /><testcase classname="backend.tests.test_new_features_iteration9.TestPrinterAPI" name="test_test_printer" time="0.590" /><testcase classname="backend.tests.test_new_features_iteration9.TestRestaurantSettings" name="test_get_my_restaurant" time="0.502" /><testcase classname="backend.tests.test_new_features_iteration9.TestRestaurantSettings" name="test_update_restaurant_settings" time="0.477" /><testcase classname="backend.tests.test_new_features_iteration9.TestReportsAPI" name="test_get_report_stats" time="0.458" /><testcase classname="backend.tests.test_new_features_iteration9.TestReportsAPI" name="test_generate_pdf_report" time="0.646"><failure message="AssertionError: Failed to generate PDF: Internal Server Error&#10;assert 500 == 200&#10; +  where 500 = &lt;Response [500]&gt;.status_code">backend/tests/test_new_features_iteration9.py:342: in test_generate_pdf_report
    assert response.status_code == 200, f"Failed to generate PDF: {response.text}"
E   AssertionError: Failed to generate PDF: Internal Server Error
E   assert 500 == 200
E    +  where 500 = &lt;Response [500]&gt;.status_code</failure></testcase></testsuite></testsuites>