<?xml version="1.0" encoding="utf-8"?><testsuites name="pytest tests"><testsuite name="pytest" errors="0" failures="0" skipped="0" tests="17" time="12.101" timestamp="2026-04-02T21:06:43.938624+00:00" hostname="agent-env-3aba41d8-269e-4198-8566-db0f69501881"><testcase classname="backend.tests.test_printer_pipeline.TestPrinterDefaultEndpoint" name="test_get_default_printer_as_admin" time="0.580" /><testcase classname="backend.tests.test_printer_pipeline.TestPrinterDefaultEndpoint" name="test_get_default_printer_as_staff" time="0.347" /><testcase classname="backend.tests.test_printer_pipeline.TestPrinterDefaultEndpoint" name="test_get_default_printer_unauthorized" time="0.061" /><testcase classname="backend.tests.test_printer_pipeline.TestPrinterTestEndpoint" name="test_test_printer_returns_sent_field" time="5.118" /><testcase classname="backend.tests.test_printer_pipeline.TestPrinterTestEndpoint" name="test_test_printer_not_found" time="0.054" /><testcase classname="backend.tests.test_printer_pipeline.TestPrinterSendEndpoint" name="test_send_to_wifi_printer_timeout" time="5.058" /><testcase classname="backend.tests.test_printer_pipeline.TestPrinterSendEndpoint" name="test_send_to_wifi_printer_invalid_data" time="0.055" /><testcase classname="backend.tests.test_printer_pipeline.TestPrinterSendEndpoint" name="test_send_to_wifi_printer_unauthorized" time="0.051" /><testcase classname="backend.tests.test_printer_pipeline.TestKitchenReceiptEndpoint" name="test_print_kitchen_receipt" time="0.183" /><testcase classname="backend.tests.test_printer_pipeline.TestKitchenReceiptEndpoint" name="test_print_kitchen_receipt_not_found" time="0.050" /><testcase classname="backend.tests.test_printer_pipeline.TestCustomerReceiptEndpoint" name="test_print_customer_receipt" time="0.245" /><testcase classname="backend.tests.test_printer_pipeline.TestCustomerReceiptEndpoint" name="test_print_customer_receipt_pending_order_fails" time="0.152" /><testcase classname="backend.tests.test_printer_pipeline.TestPrinterAPIStructure" name="test_printers_list_endpoint" time="0.053" /><testcase classname="backend.tests.test_printer_pipeline.TestFrontendIntegration" name="test_printer_service_file_exists" time="0.000" /><testcase classname="backend.tests.test_printer_pipeline.TestFrontendIntegration" name="test_api_service_printer_methods" time="0.000" /><testcase classname="backend.tests.test_printer_pipeline.TestFrontendIntegration" name="test_pos_screen_send_to_printer" time="0.000" /><testcase classname="backend.tests.test_printer_pipeline.TestFrontendIntegration" name="test_printer_settings_test_handler" time="0.001" /></testsuite></testsuites>