<?xml version="1.0" encoding="utf-8"?><testsuites name="pytest tests"><testsuite name="pytest" errors="0" failures="0" skipped="0" tests="14" time="7.287" timestamp="2026-04-12T13:11:42.447240+00:00" hostname="agent-env-6d386a81-ead2-4275-9fc0-22fa5976135b"><testcase classname="backend.tests.test_iteration39_smart_attendance.TestNormalClockInOut" name="test_clock_me_normal_clock_in" time="0.823" /><testcase classname="backend.tests.test_iteration39_smart_attendance.TestGhostShiftDetection" name="test_my_status_returns_ghost_shift_pending" time="0.518" /><testcase classname="backend.tests.test_iteration39_smart_attendance.TestGhostShiftDetection" name="test_clock_me_blocked_when_ghost_exists" time="0.309" /><testcase classname="backend.tests.test_iteration39_smart_attendance.TestResolveGhostShift" name="test_resolve_ghost_rejects_time_before_clock_in" time="0.669" /><testcase classname="backend.tests.test_iteration39_smart_attendance.TestResolveGhostShift" name="test_resolve_ghost_rejects_exceeds_14_hours" time="0.261" /><testcase classname="backend.tests.test_iteration39_smart_attendance.TestResolveGhostShift" name="test_resolve_ghost_success" time="0.262" /><testcase classname="backend.tests.test_iteration39_smart_attendance.TestPendingAdjustments" name="test_get_pending_adjustments_admin" time="0.532" /><testcase classname="backend.tests.test_iteration39_smart_attendance.TestPendingAdjustments" name="test_get_pending_adjustments_requires_admin" time="0.507" /><testcase classname="backend.tests.test_iteration39_smart_attendance.TestApproveAdjustment" name="test_approve_adjustment_success" time="0.634" /><testcase classname="backend.tests.test_iteration39_smart_attendance.TestApproveAdjustment" name="test_approve_adjustment_requires_admin" time="0.522" /><testcase classname="backend.tests.test_iteration39_smart_attendance.TestDashboardStats" name="test_dashboard_stats_includes_pending_count_admin" time="0.542" /><testcase classname="backend.tests.test_iteration39_smart_attendance.TestDashboardStats" name="test_dashboard_stats_staff_no_pending_count" time="0.503" /><testcase classname="backend.tests.test_iteration39_smart_attendance.TestTerminalAutoClose" name="test_terminal_clock_auto_closes_ghost" time="0.622" /><testcase classname="backend.tests.test_iteration39_smart_attendance.TestAuditTrailFields" name="test_attendance_records_have_audit_fields" time="0.502" /></testsuite></testsuites>