<?xml version="1.0" encoding="utf-8"?><testsuites name="pytest tests"><testsuite name="pytest" errors="0" failures="0" skipped="0" tests="26" time="7.417" timestamp="2026-04-02T23:12:29.981148+00:00" hostname="agent-env-3aba41d8-269e-4198-8566-db0f69501881"><testcase classname="backend.tests.test_wifi_tcp_printing.TestBackendPrinterAPIs" name="test_get_default_printer" time="0.567" /><testcase classname="backend.tests.test_wifi_tcp_printing.TestBackendPrinterAPIs" name="test_get_all_printers" time="0.508" /><testcase classname="backend.tests.test_wifi_tcp_printing.TestBackendPrinterAPIs" name="test_print_kitchen_receipt_endpoint" time="0.733" /><testcase classname="backend.tests.test_wifi_tcp_printing.TestBackendPrinterAPIs" name="test_printer_send_endpoint_exists" time="5.477" /><testcase classname="backend.tests.test_wifi_tcp_printing.TestFrontendPrinterServiceCode" name="test_tcp_socket_import" time="0.000" /><testcase classname="backend.tests.test_wifi_tcp_printing.TestFrontendPrinterServiceCode" name="test_print_wifi_native_method" time="0.000" /><testcase classname="backend.tests.test_wifi_tcp_printing.TestFrontendPrinterServiceCode" name="test_print_wifi_native_uses_base64" time="0.000" /><testcase classname="backend.tests.test_wifi_tcp_printing.TestFrontendPrinterServiceCode" name="test_print_wifi_checks_is_native" time="0.000" /><testcase classname="backend.tests.test_wifi_tcp_printing.TestFrontendPrinterServiceCode" name="test_scan_wifi_printers_method" time="0.000" /><testcase classname="backend.tests.test_wifi_tcp_printing.TestFrontendPrinterServiceCode" name="test_probe_wifi_printer_uses_tcp" time="0.000" /><testcase classname="backend.tests.test_wifi_tcp_printing.TestFrontendPrinterServiceCode" name="test_printing_lock_exists" time="0.000" /><testcase classname="backend.tests.test_wifi_tcp_printing.TestFrontendPrinterServiceCode" name="test_printing_lock_check_in_print_to_device" time="0.000" /><testcase classname="backend.tests.test_wifi_tcp_printing.TestFrontendPrinterServiceCode" name="test_bluetooth_tries_classic_spp_first" time="0.000" /><testcase classname="backend.tests.test_wifi_tcp_printing.TestFrontendPrinterServiceCode" name="test_bluetooth_busy_printer_guidance" time="0.000" /><testcase classname="backend.tests.test_wifi_tcp_printing.TestFrontendPrinterSettingsCode" name="test_is_native_app_check" time="0.000" /><testcase classname="backend.tests.test_wifi_tcp_printing.TestFrontendPrinterSettingsCode" name="test_wifi_scan_uses_native_tcp" time="0.000" /><testcase classname="backend.tests.test_wifi_tcp_printing.TestFrontendPrinterSettingsCode" name="test_test_print_uses_unified_service" time="0.000" /><testcase classname="backend.tests.test_wifi_tcp_printing.TestFrontendPrinterSettingsCode" name="test_help_section_recommends_wifi" time="0.000" /><testcase classname="backend.tests.test_wifi_tcp_printing.TestFrontendPrinterSettingsCode" name="test_bluetooth_one_device_limitation_mentioned" time="0.000" /><testcase classname="backend.tests.test_wifi_tcp_printing.TestFrontendPOSScreenCode" name="test_print_order_receipt_function" time="0.000" /><testcase classname="backend.tests.test_wifi_tcp_printing.TestFrontendPOSScreenCode" name="test_is_printing_state" time="0.000" /><testcase classname="backend.tests.test_wifi_tcp_printing.TestFrontendPOSScreenCode" name="test_send_to_printer_checks_is_printing" time="0.000" /><testcase classname="backend.tests.test_wifi_tcp_printing.TestFrontendPOSScreenCode" name="test_print_button_on_pending_orders" time="0.000" /><testcase classname="backend.tests.test_wifi_tcp_printing.TestFrontendPOSScreenCode" name="test_print_button_disabled_when_printing" time="0.000" /><testcase classname="backend.tests.test_wifi_tcp_printing.TestPackageJsonDependency" name="test_capacitor_tcp_socket_dependency" time="0.000" /><testcase classname="backend.tests.test_wifi_tcp_printing.TestPackageJsonDependency" name="test_all_printer_plugins_installed" time="0.000" /></testsuite></testsuites>