<?xml version="1.0" encoding="utf-8"?><testsuites name="pytest tests"><testsuite name="pytest" errors="0" failures="0" skipped="0" tests="16" time="8.929" timestamp="2026-04-12T13:27:40.667142+00:00" hostname="agent-env-6d386a81-ead2-4275-9fc0-22fa5976135b"><testcase classname="tests.test_iteration40_notifications.TestLoginEndpoints" name="test_01_admin_login_works" time="1.494" /><testcase classname="tests.test_iteration40_notifications.TestLoginEndpoints" name="test_02_staff_login_works" time="1.288" /><testcase classname="tests.test_iteration40_notifications.TestLongShiftNotifications" name="test_03_check_long_shifts_creates_notification" time="1.412" /><testcase classname="tests.test_iteration40_notifications.TestLongShiftNotifications" name="test_04_check_long_shifts_skips_duplicates" time="0.601" /><testcase classname="tests.test_iteration40_notifications.TestLongShiftNotifications" name="test_05_get_my_notifications_returns_staff_notifications" time="1.890" /><testcase classname="tests.test_iteration40_notifications.TestLongShiftNotifications" name="test_06_dismiss_notification_marks_as_read" time="0.608" /><testcase classname="tests.test_iteration40_notifications.TestLongShiftNotifications" name="test_07_dismissed_notification_not_in_my_notifications" time="1.152" /><testcase classname="tests.test_iteration40_notifications.TestDashboardEndpoints" name="test_08_dashboard_stats_still_works" time="0.049" /><testcase classname="tests.test_iteration40_notifications.TestDashboardEndpoints" name="test_09_today_stats_endpoint_works" time="0.049" /><testcase classname="tests.test_iteration40_notifications.TestDashboardEndpoints" name="test_10_kds_stats_endpoint_works" time="0.046" /><testcase classname="tests.test_iteration40_notifications.TestDashboardEndpoints" name="test_11_restaurant_my_endpoint_works" time="0.044" /><testcase classname="tests.test_iteration40_notifications.TestDashboardEndpoints" name="test_12_subscription_my_endpoint_works" time="0.049" /><testcase classname="tests.test_iteration40_notifications.TestAuthRequirements" name="test_13_check_long_shifts_requires_auth" time="0.044" /><testcase classname="tests.test_iteration40_notifications.TestAuthRequirements" name="test_14_get_my_notifications_requires_auth" time="0.042" /><testcase classname="tests.test_iteration40_notifications.TestAuthRequirements" name="test_15_dismiss_notification_requires_auth" time="0.044" /><testcase classname="tests.test_iteration40_notifications.TestAuthRequirements" name="test_16_dismiss_nonexistent_notification_returns_404" time="0.045" /></testsuite></testsuites>