<?xml version="1.0" encoding="utf-8"?><testsuites name="pytest tests"><testsuite name="pytest" errors="0" failures="0" skipped="0" tests="13" time="6.371" timestamp="2026-04-11T19:09:33.233368+00:00" hostname="agent-env-6d386a81-ead2-4275-9fc0-22fa5976135b"><testcase classname="backend.tests.test_iteration36_universal_app.TestAuthLoginEmailOrUsername" name="test_login_with_username_skadmin" time="0.459" /><testcase classname="backend.tests.test_iteration36_universal_app.TestAuthLoginEmailOrUsername" name="test_login_with_username_staff" time="0.378" /><testcase classname="backend.tests.test_iteration36_universal_app.TestAuthLoginEmailOrUsername" name="test_login_invalid_credentials" time="0.388" /><testcase classname="backend.tests.test_iteration36_universal_app.TestVerifyManagerPin" name="test_verify_manager_pin_success" time="0.398" /><testcase classname="backend.tests.test_iteration36_universal_app.TestVerifyManagerPin" name="test_verify_manager_pin_invalid" time="0.393" /><testcase classname="backend.tests.test_iteration36_universal_app.TestPinLoginCapabilities" name="test_pin_login_returns_capabilities" time="0.618" /><testcase classname="backend.tests.test_iteration36_universal_app.TestPinLoginCapabilities" name="test_pin_login_invalid_pin" time="0.624" /><testcase classname="backend.tests.test_iteration36_universal_app.TestAttendanceEntrySource" name="test_clock_with_entry_source_pos_terminal" time="0.595" /><testcase classname="backend.tests.test_iteration36_universal_app.TestAttendanceEntrySource" name="test_clock_with_entry_source_mobile_app_no_location" time="0.120" /><testcase classname="backend.tests.test_iteration36_universal_app.TestStaffCRUDWithEmailCapabilities" name="test_create_staff_with_email_and_capabilities" time="1.010" /><testcase classname="backend.tests.test_iteration36_universal_app.TestStaffCRUDWithEmailCapabilities" name="test_get_staff_list_shows_email_and_capabilities" time="0.457" /><testcase classname="backend.tests.test_iteration36_universal_app.TestStaffCRUDWithEmailCapabilities" name="test_create_staff_requires_email" time="0.513" /><testcase classname="backend.tests.test_iteration36_universal_app.TestLoginResponseFields" name="test_login_response_has_all_fields" time="0.346" /></testsuite></testsuites>