<?xml version="1.0" encoding="utf-8"?><testsuites name="pytest tests"><testsuite name="pytest" errors="0" failures="0" skipped="0" tests="15" time="9.067" timestamp="2026-04-03T15:20:40.767349+00:00" hostname="agent-env-3aba41d8-269e-4198-8566-db0f69501881"><testcase classname="tests.test_audit_log_features.TestAuditLogAuthentication" name="test_audit_logs_requires_auth" time="0.130" /><testcase classname="tests.test_audit_log_features.TestAuditLogAuthentication" name="test_audit_summary_requires_auth" time="0.106" /><testcase classname="tests.test_audit_log_features.TestAuditLogEndpoints" name="test_get_audit_logs_success" time="0.458" /><testcase classname="tests.test_audit_log_features.TestAuditLogEndpoints" name="test_get_audit_logs_with_limit" time="0.488" /><testcase classname="tests.test_audit_log_features.TestAuditLogEndpoints" name="test_get_audit_logs_filter_by_action" time="0.460" /><testcase classname="tests.test_audit_log_features.TestAuditLogEndpoints" name="test_get_audit_logs_filter_by_order_created" time="0.447" /><testcase classname="tests.test_audit_log_features.TestAuditLogEndpoints" name="test_get_audit_summary_success" time="0.515" /><testcase classname="tests.test_audit_log_features.TestAuditLogEndpoints" name="test_audit_log_entry_structure" time="0.569" /><testcase classname="tests.test_audit_log_features.TestAuditLogIntegration" name="test_order_creation_generates_audit_log" time="1.093" /><testcase classname="tests.test_audit_log_features.TestAuditLogIntegration" name="test_order_cancellation_generates_audit_log" time="1.238" /><testcase classname="tests.test_audit_log_features.TestAuditLogIntegration" name="test_kds_acknowledge_generates_audit_log" time="1.401" /><testcase classname="tests.test_audit_log_features.TestAuditLogPagination" name="test_pagination_skip_parameter" time="0.581" /><testcase classname="tests.test_audit_log_features.TestAuditLogSummaryStats" name="test_summary_action_counts" time="0.497" /><testcase classname="tests.test_audit_log_features.TestAuditLogSummaryStats" name="test_summary_top_actors" time="0.518" /><testcase classname="tests.test_audit_log_features.TestAuditLogSummaryStats" name="test_summary_recent_voids" time="0.480" /></testsuite></testsuites>