<?xml version="1.0" encoding="utf-8"?><testsuites name="pytest tests"><testsuite name="pytest" errors="0" failures="0" skipped="0" tests="12" time="6.366" timestamp="2026-04-13T22:02:48.965550+00:00" hostname="agent-env-6d386a81-ead2-4275-9fc0-22fa5976135b"><testcase classname="backend.tests.test_iteration45_features.TestAuthentication" name="test_admin_login" time="0.673" /><testcase classname="backend.tests.test_iteration45_features.TestAuthentication" name="test_staff_login" time="0.405" /><testcase classname="backend.tests.test_iteration45_features.TestRejectAdjustmentEndpoint" name="test_reject_adjustment_endpoint_exists" time="0.551" /><testcase classname="backend.tests.test_iteration45_features.TestRejectAdjustmentEndpoint" name="test_reject_adjustment_creates_notification" time="0.497" /><testcase classname="backend.tests.test_iteration45_features.TestTopProductsSortedByRevenue" name="test_today_stats_returns_top_products" time="0.487" /><testcase classname="backend.tests.test_iteration45_features.TestTopProductsSortedByRevenue" name="test_top_products_sorted_by_revenue" time="0.515" /><testcase classname="backend.tests.test_iteration45_features.TestTopProductsSortedByRevenue" name="test_top_products_have_revenue_field" time="0.471" /><testcase classname="backend.tests.test_iteration45_features.TestWeekStartDaySetting" name="test_get_restaurant_settings_includes_week_start_day" time="0.458" /><testcase classname="backend.tests.test_iteration45_features.TestWeekStartDaySetting" name="test_update_week_start_day" time="0.827" /><testcase classname="backend.tests.test_iteration45_features.TestReportsStatsEndpoint" name="test_reports_stats_top_products_sorted_by_revenue" time="0.485" /><testcase classname="backend.tests.test_iteration45_features.TestPendingAdjustmentsEndpoint" name="test_pending_adjustments_endpoint_works" time="0.455" /><testcase classname="backend.tests.test_iteration45_features.TestApproveAdjustmentEndpoint" name="test_approve_adjustment_endpoint_exists" time="0.470" /></testsuite></testsuites>