<?xml version="1.0" encoding="utf-8"?><testsuites name="pytest tests"><testsuite name="pytest" errors="0" failures="2" skipped="0" tests="17" time="6.681" timestamp="2026-04-11T06:07:06.624513+00:00" hostname="agent-env-6d386a81-ead2-4275-9fc0-22fa5976135b"><testcase classname="backend.tests.test_iteration30_revenue_widget.TestSKAdminLogin" name="test_skadmin_login_success" time="0.451" /><testcase classname="backend.tests.test_iteration30_revenue_widget.TestWeeklyTrendAPI" name="test_weekly_trend_returns_7_days" time="0.457" /><testcase classname="backend.tests.test_iteration30_revenue_widget.TestWeeklyTrendAPI" name="test_weekly_trend_requires_auth" time="0.102" /><testcase classname="backend.tests.test_iteration30_revenue_widget.TestTodayStatsAPI" name="test_today_stats_returns_revenue_breakdown" time="0.453" /><testcase classname="backend.tests.test_iteration30_revenue_widget.TestSidebarNavigationEndpoints" name="test_products_endpoint" time="0.483" /><testcase classname="backend.tests.test_iteration30_revenue_widget.TestSidebarNavigationEndpoints" name="test_categories_endpoint" time="0.438" /><testcase classname="backend.tests.test_iteration30_revenue_widget.TestSidebarNavigationEndpoints" name="test_orders_endpoint" time="0.465" /><testcase classname="backend.tests.test_iteration30_revenue_widget.TestSidebarNavigationEndpoints" name="test_tables_endpoint" time="0.458" /><testcase classname="backend.tests.test_iteration30_revenue_widget.TestSidebarNavigationEndpoints" name="test_kds_stats_endpoint" time="0.438" /><testcase classname="backend.tests.test_iteration30_revenue_widget.TestSidebarNavigationEndpoints" name="test_cash_drawer_current" time="0.454" /><testcase classname="backend.tests.test_iteration30_revenue_widget.TestSidebarNavigationEndpoints" name="test_printers_endpoint" time="0.451" /><testcase classname="backend.tests.test_iteration30_revenue_widget.TestSidebarNavigationEndpoints" name="test_staff_endpoint" time="0.443" /><testcase classname="backend.tests.test_iteration30_revenue_widget.TestSidebarNavigationEndpoints" name="test_restaurant_my_endpoint" time="0.473" /><testcase classname="backend.tests.test_iteration30_revenue_widget.TestSidebarNavigationEndpoints" name="test_subscription_my_endpoint" time="0.464" /><testcase classname="backend.tests.test_iteration30_revenue_widget.TestOtherCredentials" name="test_platform_owner_login" time="0.340" /><testcase classname="backend.tests.test_iteration30_revenue_widget.TestOtherCredentials" name="test_restaurant_admin_login" time="0.101"><failure message="AssertionError: Expected 200, got 429: {&quot;error&quot;:&quot;Rate limit exceeded: 10 per 1 minute&quot;}&#10;assert 429 == 200&#10; +  where 429 = &lt;Response [429]&gt;.status_code">backend/tests/test_iteration30_revenue_widget.py:231: in test_restaurant_admin_login
    assert response.status_code == 200, f"Expected 200, got {response.status_code}: {response.text}"
E   AssertionError: Expected 200, got 429: {"error":"Rate limit exceeded: 10 per 1 minute"}
E   assert 429 == 200
E    +  where 429 = &lt;Response [429]&gt;.status_code</failure></testcase><testcase classname="backend.tests.test_iteration30_revenue_widget.TestOtherCredentials" name="test_staff_user_login" time="0.094"><failure message="AssertionError: Expected 200, got 429: {&quot;error&quot;:&quot;Rate limit exceeded: 10 per 1 minute&quot;}&#10;assert 429 == 200&#10; +  where 429 = &lt;Response [429]&gt;.status_code">backend/tests/test_iteration30_revenue_widget.py:242: in test_staff_user_login
    assert response.status_code == 200, f"Expected 200, got {response.status_code}: {response.text}"
E   AssertionError: Expected 200, got 429: {"error":"Rate limit exceeded: 10 per 1 minute"}
E   assert 429 == 200
E    +  where 429 = &lt;Response [429]&gt;.status_code</failure></testcase></testsuite></testsuites>