<?xml version="1.0" encoding="utf-8"?><testsuites name="pytest tests"><testsuite name="pytest" errors="0" failures="0" skipped="0" tests="15" time="6.827" timestamp="2026-04-02T22:07:11.587399+00:00" hostname="agent-env-3aba41d8-269e-4198-8566-db0f69501881"><testcase classname="backend.tests.test_printer_bug_fixes.TestBackendPrinterAPIs" name="test_get_default_printer" time="0.588" /><testcase classname="backend.tests.test_printer_bug_fixes.TestBackendPrinterAPIs" name="test_get_all_printers" time="0.563" /><testcase classname="backend.tests.test_printer_bug_fixes.TestBackendPrinterAPIs" name="test_test_printer_returns_sent_and_send_error_fields" time="5.611" /><testcase classname="backend.tests.test_printer_bug_fixes.TestPrinterJSStaticImport" name="test_static_import_for_bluetooth_printer" time="0.001" /><testcase classname="backend.tests.test_printer_bug_fixes.TestPrinterJSStaticImport" name="test_try_classic_spp_calls_connect_and_print_directly" time="0.000" /><testcase classname="backend.tests.test_printer_bug_fixes.TestPrinterJSStaticImport" name="test_list_paired_devices_calls_list_directly" time="0.000" /><testcase classname="backend.tests.test_printer_bug_fixes.TestBLEScanFilter" name="test_scan_ble_devices_filters_unnamed_devices" time="0.000" /><testcase classname="backend.tests.test_printer_bug_fixes.TestPrinterSettingsUI" name="test_paired_devices_section_header" time="0.000" /><testcase classname="backend.tests.test_printer_bug_fixes.TestPrinterSettingsUI" name="test_nearby_ble_devices_section_header" time="0.000" /><testcase classname="backend.tests.test_printer_bug_fixes.TestPrinterSettingsUI" name="test_wifi_and_bluetooth_devices_rendered_separately" time="0.000" /><testcase classname="backend.tests.test_printer_bug_fixes.TestPrinterSettingsUI" name="test_paired_devices_have_distinct_styling" time="0.000" /><testcase classname="backend.tests.test_printer_bug_fixes.TestPrinterSettingsUI" name="test_ble_devices_have_distinct_styling" time="0.000" /><testcase classname="backend.tests.test_printer_bug_fixes.TestPOSScreenPrinting" name="test_send_to_printer_helper_exists" time="0.000" /><testcase classname="backend.tests.test_printer_bug_fixes.TestPOSScreenPrinting" name="test_send_to_printer_gets_default_printer" time="0.000" /><testcase classname="backend.tests.test_printer_bug_fixes.TestPOSScreenPrinting" name="test_send_to_printer_calls_print_to_device" time="0.000" /></testsuite></testsuites>