<?xml version="1.0" encoding="utf-8"?><testsuites name="pytest tests"><testsuite name="pytest" errors="0" failures="0" skipped="0" tests="42" time="9.101" timestamp="2026-04-12T16:13:00.199895+00:00" hostname="agent-env-6d386a81-ead2-4275-9fc0-22fa5976135b"><testcase classname="backend.tests.test_iteration43_swap_handshake.TestSwapHandshakeFlow" name="test_01_create_shift_for_staff_user" time="0.597" /><testcase classname="backend.tests.test_iteration43_swap_handshake.TestSwapHandshakeFlow" name="test_02_staff_creates_swap_request" time="0.504" /><testcase classname="backend.tests.test_iteration43_swap_handshake.TestSwapHandshakeFlow" name="test_03_duplicate_swap_request_rejected" time="0.121" /><testcase classname="backend.tests.test_iteration43_swap_handshake.TestSwapHandshakeFlow" name="test_04_get_eligible_staff_excludes_requester" time="0.110" /><testcase classname="backend.tests.test_iteration43_swap_handshake.TestSwapHandshakeFlow" name="test_05_admin_sees_waiting_acceptance_requests" time="0.122" /><testcase classname="backend.tests.test_iteration43_swap_handshake.TestSwapHandshakeFlow" name="test_06_staff_sees_own_requests" time="0.172" /><testcase classname="backend.tests.test_iteration43_swap_handshake.TestSwapHandshakeFlow" name="test_07_admin_cannot_approve_before_acceptance" time="0.163" /><testcase classname="backend.tests.test_iteration43_swap_handshake.TestSwapHandshakeFlow" name="test_08_colleague_accepts_swap" time="0.116" /><testcase classname="backend.tests.test_iteration43_swap_handshake.TestSwapHandshakeFlow" name="test_09_swap_shows_acceptor_info" time="0.112" /><testcase classname="backend.tests.test_iteration43_swap_handshake.TestSwapHandshakeFlow" name="test_10_admin_approves_swap" time="0.179" /><testcase classname="backend.tests.test_iteration43_swap_handshake.TestSwapHandshakeFlow" name="test_11_shift_reassigned_to_acceptor" time="0.231" /><testcase classname="backend.tests.test_iteration43_swap_handshake.TestDeclineFlow" name="test_12_create_shift_for_decline_test" time="0.236" /><testcase classname="backend.tests.test_iteration43_swap_handshake.TestDeclineFlow" name="test_13_staff_creates_swap_for_decline" time="0.138" /><testcase classname="backend.tests.test_iteration43_swap_handshake.TestDeclineFlow" name="test_14_colleague_declines_swap" time="0.120" /><testcase classname="backend.tests.test_iteration43_swap_handshake.TestAdminRejectFlow" name="test_15_admin_rejects_waiting_acceptance" time="0.615" /><testcase classname="backend.tests.test_iteration43_swap_handshake.TestEdgeCases" name="test_16_swap_request_without_auth_fails" time="0.120" /><testcase classname="backend.tests.test_iteration43_swap_handshake.TestEdgeCases" name="test_17_swap_for_nonexistent_shift_fails" time="0.108" /><testcase classname="backend.tests.test_iteration43_swap_handshake.TestEdgeCases" name="test_18_staff_cannot_approve" time="0.109" /><testcase classname="backend.tests.test_iteration43_swap_handshake.TestEdgeCases" name="test_19_staff_cannot_reject" time="0.125" /><testcase classname="backend.tests.test_iteration43_swap_handshake.TestCleanup" name="test_99_cleanup_test_shifts" time="0.250" /><testcase classname="backend.tests.test_iteration43_drop_marketplace.TestDropShiftFlow" name="test_01_create_shift_for_drop_test" time="0.591" /><testcase classname="backend.tests.test_iteration43_drop_marketplace.TestDropShiftFlow" name="test_02_staff_drops_shift_emergency" time="0.523" /><testcase classname="backend.tests.test_iteration43_drop_marketplace.TestDropShiftFlow" name="test_03_duplicate_drop_request_rejected" time="0.105" /><testcase classname="backend.tests.test_iteration43_drop_marketplace.TestDropShiftFlow" name="test_04_admin_sees_pending_drop_requests" time="0.132" /><testcase classname="backend.tests.test_iteration43_drop_marketplace.TestDropShiftFlow" name="test_05_admin_approves_and_opens_shift" time="0.149" /><testcase classname="backend.tests.test_iteration43_drop_marketplace.TestDropShiftFlow" name="test_06_shift_is_now_open" time="0.127" /><testcase classname="backend.tests.test_iteration43_drop_marketplace.TestDropShiftFlow" name="test_07_staff_cannot_claim_own_dropped_shift" time="0.124" /><testcase classname="backend.tests.test_iteration43_drop_marketplace.TestDropShiftFlow" name="test_08_admin_claims_open_shift" time="0.109" /><testcase classname="backend.tests.test_iteration43_drop_marketplace.TestDropShiftFlow" name="test_09_shift_no_longer_open" time="0.103" /><testcase classname="backend.tests.test_iteration43_drop_marketplace.TestSicknessAutoAttendance" name="test_10_create_shift_for_sickness_test" time="0.232" /><testcase classname="backend.tests.test_iteration43_drop_marketplace.TestSicknessAutoAttendance" name="test_11_staff_drops_shift_sickness" time="0.135" /><testcase classname="backend.tests.test_iteration43_drop_marketplace.TestSicknessAutoAttendance" name="test_12_sickness_creates_attendance_record" time="0.115" /><testcase classname="backend.tests.test_iteration43_drop_marketplace.TestReassignFlow" name="test_13_create_shift_for_reassign_test" time="0.244" /><testcase classname="backend.tests.test_iteration43_drop_marketplace.TestReassignFlow" name="test_14_staff_drops_for_reassign" time="0.166" /><testcase classname="backend.tests.test_iteration43_drop_marketplace.TestReassignFlow" name="test_15_admin_reassigns_directly" time="0.252" /><testcase classname="backend.tests.test_iteration43_drop_marketplace.TestInvalidDropReasons" name="test_16_invalid_reason_code_rejected" time="0.459" /><testcase classname="backend.tests.test_iteration43_drop_marketplace.TestEdgeCases" name="test_17_drop_without_auth_fails" time="0.127" /><testcase classname="backend.tests.test_iteration43_drop_marketplace.TestEdgeCases" name="test_18_claim_without_auth_fails" time="0.114" /><testcase classname="backend.tests.test_iteration43_drop_marketplace.TestEdgeCases" name="test_19_claim_nonexistent_shift_fails" time="0.116" /><testcase classname="backend.tests.test_iteration43_drop_marketplace.TestEdgeCases" name="test_20_staff_cannot_approve_open" time="0.254" /><testcase classname="backend.tests.test_iteration43_drop_marketplace.TestEdgeCases" name="test_21_staff_cannot_reassign" time="0.102" /><testcase classname="backend.tests.test_iteration43_drop_marketplace.TestCleanup" name="test_99_cleanup_test_shifts" time="0.500" /></testsuite></testsuites>