<?xml version="1.0" encoding="utf-8"?><testsuites name="pytest tests"><testsuite name="pytest" errors="0" failures="1" skipped="1" tests="54" time="29.206" timestamp="2026-03-23T00:06:39.881127+00:00" hostname="agent-env-6fccc9cb-1e10-4f0d-a9f9-74a60a81c574"><testcase classname="backend.tests.test_hevapos_api.TestHealthCheck" name="test_api_root_accessible" time="0.114" /><testcase classname="backend.tests.test_hevapos_api.TestAuthentication" name="test_login_platform_owner_success" time="0.338" /><testcase classname="backend.tests.test_hevapos_api.TestAuthentication" name="test_login_restaurant_admin_success" time="0.615" /><testcase classname="backend.tests.test_hevapos_api.TestAuthentication" name="test_login_staff_success" time="0.352" /><testcase classname="backend.tests.test_hevapos_api.TestAuthentication" name="test_login_invalid_credentials" time="0.118" /><testcase classname="backend.tests.test_hevapos_api.TestAuthentication" name="test_login_wrong_password" time="0.349" /><testcase classname="backend.tests.test_hevapos_api.TestRoleBasedAccess" name="test_restaurants_api_platform_owner_access" time="0.471" /><testcase classname="backend.tests.test_hevapos_api.TestRoleBasedAccess" name="test_restaurants_api_restaurant_admin_forbidden" time="0.452" /><testcase classname="backend.tests.test_hevapos_api.TestRoleBasedAccess" name="test_restaurants_api_staff_forbidden" time="0.470" /><testcase classname="backend.tests.test_hevapos_api.TestProductsAPI" name="test_get_products_returns_11_products" time="0.502" /><testcase classname="backend.tests.test_hevapos_api.TestCategoriesAPI" name="test_get_categories_returns_4_categories" time="0.496" /><testcase classname="backend.tests.test_hevapos_api.TestAuthMe" name="test_auth_me_platform_owner" time="0.476" /><testcase classname="backend.tests.test_hevapos_api.TestAuthMe" name="test_auth_me_restaurant_admin" time="0.466" /><testcase classname="backend.tests.test_hevapos_api.TestAuthMe" name="test_auth_me_staff" time="0.492" /><testcase classname="backend.tests.test_hevapos_api.TestReportsAPI" name="test_reports_stats_admin_access" time="0.493" /><testcase classname="backend.tests.test_hevapos_api.TestReportsAPI" name="test_reports_stats_staff_forbidden" time="0.490" /><testcase classname="backend.tests.test_new_features_iteration3.TestTableSelectionInPOS" name="test_get_tables_for_pos" time="0.476" /><testcase classname="backend.tests.test_new_features_iteration3.TestTableSelectionInPOS" name="test_create_order_with_table_id" time="0.752" /><testcase classname="backend.tests.test_new_features_iteration3.TestTableSelectionInPOS" name="test_create_order_without_table_takeaway" time="0.462" /><testcase classname="backend.tests.test_new_features_iteration3.TestTableSelectionInPOS" name="test_pending_orders_show_table_info" time="1.522" /><testcase classname="backend.tests.test_new_features_iteration3.TestKitchenReceiptESCPOS" name="test_kitchen_receipt_escpos_generation" time="0.629" /><testcase classname="backend.tests.test_new_features_iteration3.TestKitchenReceiptESCPOS" name="test_kitchen_receipt_with_table_info" time="0.807" /><testcase classname="backend.tests.test_new_features_iteration3.TestRestaurantUserManagement" name="test_platform_owner_can_list_restaurant_users" time="0.487" /><testcase classname="backend.tests.test_new_features_iteration3.TestRestaurantUserManagement" name="test_platform_owner_can_create_restaurant_user" time="0.711" /><testcase classname="backend.tests.test_new_features_iteration3.TestRestaurantUserManagement" name="test_platform_owner_can_delete_restaurant_user" time="0.941" /><testcase classname="backend.tests.test_new_features_iteration3.TestRestaurantUserManagement" name="test_restaurant_admin_cannot_access_user_management" time="0.468" /><testcase classname="backend.tests.test_new_features_iteration3.TestRestaurantUserManagement" name="test_create_user_with_duplicate_username_fails" time="0.477" /><testcase classname="backend.tests.test_new_features_iteration3.TestRestaurantUserManagement" name="test_create_user_with_invalid_role_fails" time="0.459" /><testcase classname="backend.tests.test_new_features_iteration3.TestNavigationAccess" name="test_restaurant_admin_cannot_access_restaurants_api" time="0.464" /><testcase classname="backend.tests.test_new_features_iteration3.TestNavigationAccess" name="test_platform_owner_can_access_restaurants_api" time="0.469" /><testcase classname="backend.tests.test_payment_features_iteration4.TestPaymentFeatures" name="test_table_status_before_payment" time="0.392" /><testcase classname="backend.tests.test_payment_features_iteration4.TestPaymentFeatures" name="test_create_order_with_table_and_complete_payment" time="0.712" /><testcase classname="backend.tests.test_payment_features_iteration4.TestPaymentFeatures" name="test_clear_table_endpoint" time="0.537" /><testcase classname="backend.tests.test_payment_features_iteration4.TestPaymentFeatures" name="test_complete_order_with_split_count" time="0.452" /><testcase classname="backend.tests.test_payment_features_iteration4.TestPaymentFeatures" name="test_split_count_default_is_one" time="0.461" /><testcase classname="backend.tests.test_payment_features_iteration4.TestPaymentFeatures" name="test_tip_calculation_with_split" time="0.517" /><testcase classname="backend.tests.test_payment_features_iteration4.TestPaymentFeatures" name="test_customer_receipt_escpos_endpoint" time="0.616" /><testcase classname="backend.tests.test_payment_features_iteration4.TestPaymentFeatures" name="test_customer_receipt_requires_completed_order" time="0.523" /><testcase classname="backend.tests.test_payment_features_iteration4.TestPaymentFeatures" name="test_customer_receipt_pdf_endpoint" time="0.545" /><testcase classname="backend.tests.test_payment_features_iteration4.TestPaymentFeatures" name="test_customer_receipt_includes_tip_info" time="0.509" /><testcase classname="backend.tests.test_payment_features_iteration4.TestOrderWithTableInfo" name="test_pending_order_shows_table_info" time="0.407" /><testcase classname="backend.tests.test_payment_features_iteration4.TestOrderWithTableInfo" name="test_order_table_id_persisted" time="0.588" /><testcase classname="backend.tests.test_tables_printers_api.TestTablesAPI" name="test_get_tables_returns_tables" time="0.480" /><testcase classname="backend.tests.test_tables_printers_api.TestTablesAPI" name="test_create_table" time="0.738"><failure message="AssertionError: Expected 200, got 400: {&quot;detail&quot;:&quot;Table 99 already exists&quot;}&#10;assert 400 == 200&#10; +  where 400 = &lt;Response [400]&gt;.status_code">backend/tests/test_tables_printers_api.py:77: in test_create_table
    assert response.status_code == 200, f"Expected 200, got {response.status_code}: {response.text}"
E   AssertionError: Expected 200, got 400: {"detail":"Table 99 already exists"}
E   assert 400 == 200
E    +  where 400 = &lt;Response [400]&gt;.status_code</failure></testcase><testcase classname="backend.tests.test_tables_printers_api.TestTablesAPI" name="test_merge_tables" time="0.607"><skipped type="pytest.skip" message="Need at least 2 available tables to test merge">/app/backend/tests/test_tables_printers_api.py:106: Need at least 2 available tables to test merge</skipped></testcase><testcase classname="backend.tests.test_tables_printers_api.TestTablesAPI" name="test_clear_table" time="0.741" /><testcase classname="backend.tests.test_tables_printers_api.TestPrintersAPI" name="test_get_printers_returns_printers" time="0.456" /><testcase classname="backend.tests.test_tables_printers_api.TestPrintersAPI" name="test_create_printer" time="0.580" /><testcase classname="backend.tests.test_tables_printers_api.TestPrintersAPI" name="test_printer_test_generates_escpos_commands" time="0.610" /><testcase classname="backend.tests.test_tables_printers_api.TestReservationsAPI" name="test_get_reservations" time="0.510" /><testcase classname="backend.tests.test_tables_printers_api.TestReservationsAPI" name="test_create_reservation" time="0.712" /><testcase classname="backend.tests.test_tables_printers_api.TestPrintAPI" name="test_print_kitchen_receipt_escpos" time="0.633" /><testcase classname="backend.tests.test_tables_printers_api.TestTableStats" name="test_tables_count_at_least_3" time="0.472" /><testcase classname="backend.tests.test_tables_printers_api.TestTableStats" name="test_printers_count_at_least_2" time="0.465" /></testsuite></testsuites>