<?xml version="1.0" encoding="utf-8"?><testsuites name="pytest tests"><testsuite name="pytest" errors="0" failures="0" skipped="0" tests="7" time="28.774" timestamp="2026-04-15T18:48:13.084392+00:00" hostname="agent-env-2b236eb7-34f5-49d8-add3-0e9c0b785fc0"><testcase classname="backend.tests.test_iteration50_device_binding.TestDeviceBindingToggle" name="test_get_security_settings_includes_device_binding_enabled" time="0.913" /><testcase classname="backend.tests.test_iteration50_device_binding.TestDeviceBindingToggle" name="test_put_security_settings_can_toggle_device_binding" time="1.331" /><testcase classname="backend.tests.test_iteration50_device_binding.TestDeviceBindingToggle" name="test_login_with_device_id_succeeds_when_binding_disabled" time="1.419" /><testcase classname="backend.tests.test_iteration50_device_binding.TestDeviceBindingToggle" name="test_login_blocks_when_binding_enabled_and_device_mismatch" time="2.105" /><testcase classname="backend.tests.test_iteration50_device_binding.TestDeviceBindingToggle" name="test_admin_login_not_affected_by_device_binding" time="11.628" /><testcase classname="backend.tests.test_iteration50_device_binding.TestDeviceBindingToggle" name="test_login_without_device_id_always_works" time="11.312" /><testcase classname="backend.tests.test_iteration50_device_binding.TestPushNotificationService" name="test_push_service_has_try_catch" time="0.000" /></testsuite></testsuites>