<?xml version="1.0" encoding="utf-8"?><testsuites name="pytest tests"><testsuite name="pytest" errors="0" failures="0" skipped="0" tests="9" time="2.049" timestamp="2026-04-12T12:25:05.675370+00:00" hostname="agent-env-6d386a81-ead2-4275-9fc0-22fa5976135b"><testcase classname="backend.tests.test_iteration38_clock_me.TestClockMeEndpoint" name="test_clock_me_without_auth_returns_401_or_403" time="0.150" /><testcase classname="backend.tests.test_iteration38_clock_me.TestClockMeEndpoint" name="test_clock_me_with_jwt_and_near_location_succeeds" time="0.486" /><testcase classname="backend.tests.test_iteration38_clock_me.TestClockMeEndpoint" name="test_clock_me_with_far_location_returns_403" time="0.112" /><testcase classname="backend.tests.test_iteration38_clock_me.TestClockMeEndpoint" name="test_clock_me_without_location_returns_400" time="0.110" /><testcase classname="backend.tests.test_iteration38_clock_me.TestOriginalPinClockEndpoint" name="test_pin_clock_still_works_for_terminal" time="0.583" /><testcase classname="backend.tests.test_iteration38_clock_me.TestOriginalPinClockEndpoint" name="test_pin_clock_mobile_without_location_returns_400" time="0.108" /><testcase classname="backend.tests.test_iteration38_clock_me.TestOriginalPinClockEndpoint" name="test_pin_clock_mobile_with_far_location_returns_403" time="0.097" /><testcase classname="backend.tests.test_iteration38_clock_me.TestMyStatusEndpoint" name="test_my_status_returns_clock_state" time="0.106" /><testcase classname="backend.tests.test_iteration38_clock_me.TestClockMeToggle" name="test_clock_me_toggles_state" time="0.233" /></testsuite></testsuites>