<?xml version="1.0" encoding="utf-8"?><testsuites name="pytest tests"><testsuite name="pytest" errors="0" failures="1" skipped="0" tests="20" time="9.762" timestamp="2026-04-11T08:24:16.684552+00:00" hostname="agent-env-6d386a81-ead2-4275-9fc0-22fa5976135b"><testcase classname="tests.test_iteration31_workforce_features.TestAuthWithFeatures" name="test_platform_owner_login_returns_features" time="0.488" /><testcase classname="tests.test_iteration31_workforce_features.TestAuthWithFeatures" name="test_skadmin_login_returns_features" time="0.338" /><testcase classname="tests.test_iteration31_workforce_features.TestAuthWithFeatures" name="test_auth_features_endpoint" time="0.493" /><testcase classname="tests.test_iteration31_workforce_features.TestRestaurantFeatureManagement" name="test_get_restaurants_shows_features" time="0.456" /><testcase classname="tests.test_iteration31_workforce_features.TestRestaurantFeatureManagement" name="test_update_restaurant_features" time="0.555" /><testcase classname="tests.test_iteration31_workforce_features.TestFeatureGuards" name="test_shifts_accessible_when_workforce_enabled" time="0.440" /><testcase classname="tests.test_iteration31_workforce_features.TestFeatureGuards" name="test_attendance_accessible_when_workforce_enabled" time="0.475" /><testcase classname="tests.test_iteration31_workforce_features.TestFeatureGuards" name="test_attendance_live_accessible" time="0.556" /><testcase classname="tests.test_iteration31_workforce_features.TestFeatureGuards" name="test_timesheets_accessible_when_workforce_enabled" time="0.473" /><testcase classname="tests.test_iteration31_workforce_features.TestFeatureGuards" name="test_payroll_accessible_when_workforce_enabled" time="0.446" /><testcase classname="tests.test_iteration31_workforce_features.TestFeatureGuards" name="test_efficiency_accessible_when_workforce_enabled" time="0.472" /><testcase classname="tests.test_iteration31_workforce_features.TestShiftCRUD" name="test_create_shift" time="0.594" /><testcase classname="tests.test_iteration31_workforce_features.TestShiftCRUD" name="test_get_shifts_for_week" time="0.446" /><testcase classname="tests.test_iteration31_workforce_features.TestShiftCRUD" name="test_delete_shift" time="0.434" /><testcase classname="tests.test_iteration31_workforce_features.TestFeatureGuardDisabled" name="test_disable_workforce_and_verify_403" time="1.006" /><testcase classname="tests.test_iteration31_workforce_features.TestPOSFunctionality" name="test_products_api" time="0.446" /><testcase classname="tests.test_iteration31_workforce_features.TestPOSFunctionality" name="test_categories_api" time="0.437" /><testcase classname="tests.test_iteration31_workforce_features.TestPOSFunctionality" name="test_orders_api" time="0.453" /><testcase classname="tests.test_iteration31_workforce_features.TestPOSFunctionality" name="test_tables_api" time="0.199"><failure message="assert 401 == 200&#10; +  where 401 = &lt;Response [401]&gt;.status_code">tests/test_iteration31_workforce_features.py:316: in test_tables_api
    assert response.status_code == 200
E   assert 401 == 200
E    +  where 401 = &lt;Response [401]&gt;.status_code</failure></testcase><testcase classname="tests.test_iteration31_workforce_features.TestStaffAlwaysVisible" name="test_staff_api_always_accessible" time="0.456" /></testsuite></testsuites>