<?xml version="1.0" encoding="utf-8"?><testsuites name="pytest tests"><testsuite name="pytest" errors="0" failures="0" skipped="0" tests="8" time="5.673" timestamp="2026-04-16T17:14:52.951406+00:00" hostname="agent-env-2b236eb7-34f5-49d8-add3-0e9c0b785fc0"><testcase classname="backend.tests.test_iteration53_push_optin.TestAuthLoginNoPush" name="test_staff_login_returns_no_push_fields" time="0.515" /><testcase classname="backend.tests.test_iteration53_push_optin.TestAuthLoginNoPush" name="test_admin_login_returns_no_push_fields" time="0.383" /><testcase classname="backend.tests.test_iteration53_push_optin.TestStaffDeletionCascade" name="test_delete_staff_returns_closed_shifts_count" time="1.380" /><testcase classname="backend.tests.test_iteration53_push_optin.TestForceCloseStaleShifts" name="test_force_close_stale_endpoint_exists" time="0.508" /><testcase classname="backend.tests.test_iteration53_push_optin.TestForceCloseStaleShifts" name="test_force_close_stale_requires_admin" time="0.642" /><testcase classname="backend.tests.test_iteration53_push_optin.TestDashboardStatsFiltersDeletedUsers" name="test_dashboard_stats_returns_valid_data" time="0.509" /><testcase classname="backend.tests.test_iteration53_push_optin.TestPendingAdjustmentsEndpoint" name="test_pending_adjustments_endpoint_exists" time="0.529" /><testcase classname="backend.tests.test_iteration53_push_optin.TestMultipleLoginsNoCrash" name="test_sequential_logins_succeed" time="1.153" /></testsuite></testsuites>