<?xml version="1.0" encoding="utf-8"?><testsuites name="pytest tests"><testsuite name="pytest" errors="0" failures="0" skipped="0" tests="19" time="4.947" timestamp="2026-04-11T08:45:29.337823+00:00" hostname="agent-env-6d386a81-ead2-4275-9fc0-22fa5976135b"><testcase classname="backend.tests.test_iteration32_feature_guards.TestModulePricing" name="test_get_module_pricing_as_platform_owner" time="0.623" /><testcase classname="backend.tests.test_iteration32_feature_guards.TestModulePricing" name="test_update_module_pricing_as_platform_owner" time="0.247" /><testcase classname="backend.tests.test_iteration32_feature_guards.TestModulePricing" name="test_module_pricing_requires_platform_owner" time="0.483" /><testcase classname="backend.tests.test_iteration32_feature_guards.TestPOSFeatureGuards" name="test_orders_endpoint_with_pos_enabled" time="0.469" /><testcase classname="backend.tests.test_iteration32_feature_guards.TestPOSFeatureGuards" name="test_pending_orders_with_pos_enabled" time="0.102" /><testcase classname="backend.tests.test_iteration32_feature_guards.TestPOSFeatureGuards" name="test_cash_drawer_current_with_pos_enabled" time="0.139" /><testcase classname="backend.tests.test_iteration32_feature_guards.TestPOSFeatureGuards" name="test_cash_drawer_history_with_pos_enabled" time="0.111" /><testcase classname="backend.tests.test_iteration32_feature_guards.TestPOSFeatureGuards" name="test_menu_categories_with_pos_enabled" time="0.115" /><testcase classname="backend.tests.test_iteration32_feature_guards.TestPOSFeatureGuards" name="test_menu_products_with_pos_enabled" time="0.106" /><testcase classname="backend.tests.test_iteration32_feature_guards.TestPOSFeatureGuards" name="test_printers_with_pos_enabled" time="0.106" /><testcase classname="backend.tests.test_iteration32_feature_guards.TestPOSFeatureGuards" name="test_tables_with_pos_enabled" time="0.117" /><testcase classname="backend.tests.test_iteration32_feature_guards.TestKDSFeatureGuards" name="test_kds_orders_with_kds_enabled" time="0.445" /><testcase classname="backend.tests.test_iteration32_feature_guards.TestKDSFeatureGuards" name="test_kds_stats_with_kds_enabled" time="0.111" /><testcase classname="backend.tests.test_iteration32_feature_guards.TestQRFeatureGuards" name="test_qr_table_hashes_with_qr_enabled" time="0.455" /><testcase classname="backend.tests.test_iteration32_feature_guards.TestWorkforceFeatureGuards" name="test_shifts_with_workforce_enabled" time="0.463" /><testcase classname="backend.tests.test_iteration32_feature_guards.TestWorkforceFeatureGuards" name="test_attendance_live_with_workforce_enabled" time="0.103" /><testcase classname="backend.tests.test_iteration32_feature_guards.TestWorkforceFeatureGuards" name="test_swap_requests_with_workforce_enabled" time="0.104" /><testcase classname="backend.tests.test_iteration32_feature_guards.TestPlatformOwnerBypassesFeatureGuards" name="test_platform_owner_can_access_kds" time="0.447" /><testcase classname="backend.tests.test_iteration32_feature_guards.TestPlatformOwnerBypassesFeatureGuards" name="test_platform_owner_can_access_orders" time="0.129" /></testsuite></testsuites>