<?xml version="1.0" encoding="utf-8"?><testsuites name="pytest tests"><testsuite name="pytest" errors="0" failures="0" skipped="0" tests="14" time="5.341" timestamp="2026-04-12T13:53:30.154726+00:00" hostname="agent-env-6d386a81-ead2-4275-9fc0-22fa5976135b"><testcase classname="backend.tests.test_iteration41_push_infrastructure.TestPushInfrastructure" name="test_device_register_stores_token" time="0.509" /><testcase classname="backend.tests.test_iteration41_push_infrastructure.TestPushInfrastructure" name="test_device_register_updates_existing_token" time="0.445" /><testcase classname="backend.tests.test_iteration41_push_infrastructure.TestPushInfrastructure" name="test_device_register_requires_token" time="0.496" /><testcase classname="backend.tests.test_iteration41_push_infrastructure.TestPushInfrastructure" name="test_device_register_requires_auth" time="0.104" /><testcase classname="backend.tests.test_iteration41_push_infrastructure.TestPushInfrastructure" name="test_device_unregister_marks_inactive" time="0.458" /><testcase classname="backend.tests.test_iteration41_push_infrastructure.TestPushInfrastructure" name="test_device_unregister_requires_auth" time="0.122" /><testcase classname="backend.tests.test_iteration41_push_infrastructure.TestPushInfrastructure" name="test_push_service_no_crash_without_credentials" time="0.374" /><testcase classname="backend.tests.test_iteration41_push_infrastructure.TestPushInfrastructure" name="test_check_long_shifts_creates_notification_and_attempts_push" time="0.429" /><testcase classname="backend.tests.test_iteration41_push_infrastructure.TestPushInfrastructure" name="test_clock_me_endpoint_works" time="0.415" /><testcase classname="backend.tests.test_iteration41_push_infrastructure.TestPushInfrastructure" name="test_my_status_endpoint_works" time="0.408" /><testcase classname="backend.tests.test_iteration41_push_infrastructure.TestPushInfrastructure" name="test_my_summary_endpoint_works" time="0.397" /><testcase classname="backend.tests.test_iteration41_push_infrastructure.TestPushInfrastructure" name="test_admin_login_works" time="0.349" /><testcase classname="backend.tests.test_iteration41_push_infrastructure.TestPushInfrastructure" name="test_staff_login_works" time="0.339" /><testcase classname="backend.tests.test_iteration41_push_infrastructure.TestDeviceRegistrationWithAdmin" name="test_admin_can_register_device" time="0.427" /></testsuite></testsuites>