<?xml version="1.0" encoding="utf-8"?><testsuites name="pytest tests"><testsuite name="pytest" errors="0" failures="0" skipped="0" tests="17" time="6.127" timestamp="2026-04-10T20:49:01.731408+00:00" hostname="agent-env-6d386a81-ead2-4275-9fc0-22fa5976135b"><testcase classname="backend.tests.test_iteration29_pin_login.TestPasswordLogin" name="test_platform_owner_login" time="0.436" /><testcase classname="backend.tests.test_iteration29_pin_login.TestPasswordLogin" name="test_restaurant_admin_login" time="0.372" /><testcase classname="backend.tests.test_iteration29_pin_login.TestPasswordLogin" name="test_staff_user_login" time="0.357" /><testcase classname="backend.tests.test_iteration29_pin_login.TestPasswordLogin" name="test_invalid_credentials_rejected" time="0.117" /><testcase classname="backend.tests.test_iteration29_pin_login.TestRestaurantHasPins" name="test_restaurant_has_pins_returns_true" time="0.137" /><testcase classname="backend.tests.test_iteration29_pin_login.TestRestaurantHasPins" name="test_nonexistent_restaurant_returns_false" time="0.128" /><testcase classname="backend.tests.test_iteration29_pin_login.TestPinLogin" name="test_pin_login_staff_user_correct_pin" time="0.589" /><testcase classname="backend.tests.test_iteration29_pin_login.TestPinLogin" name="test_pin_login_restaurant_admin_correct_pin" time="0.355" /><testcase classname="backend.tests.test_iteration29_pin_login.TestPinLogin" name="test_pin_login_wrong_pin_returns_401" time="0.591" /><testcase classname="backend.tests.test_iteration29_pin_login.TestPinLogin" name="test_pin_login_invalid_format_returns_400" time="0.328" /><testcase classname="backend.tests.test_iteration29_pin_login.TestPinLogin" name="test_pin_login_wrong_restaurant_returns_401" time="0.132" /><testcase classname="backend.tests.test_iteration29_pin_login.TestSetPosPin" name="test_set_pin_requires_auth" time="0.109" /><testcase classname="backend.tests.test_iteration29_pin_login.TestSetPosPin" name="test_set_pin_invalid_format_rejected" time="0.475" /><testcase classname="backend.tests.test_iteration29_pin_login.TestRemovePosPin" name="test_remove_pin_requires_auth" time="0.123" /><testcase classname="backend.tests.test_iteration29_pin_login.TestRemovePosPin" name="test_remove_pin_nonexistent_user_returns_404" time="0.452" /><testcase classname="backend.tests.test_iteration29_pin_login.TestStaffListHasPinFlag" name="test_staff_list_includes_has_pos_pin" time="0.532" /><testcase classname="backend.tests.test_iteration29_pin_login.TestDuplicatePinRejection" name="test_duplicate_pin_rejected" time="0.823" /></testsuite></testsuites>