<?xml version="1.0" encoding="utf-8"?><testsuites name="pytest tests"><testsuite name="pytest" errors="0" failures="0" skipped="0" tests="11" time="14.356" timestamp="2026-04-15T17:17:04.676115+00:00" hostname="agent-env-2b236eb7-34f5-49d8-add3-0e9c0b785fc0"><testcase classname="backend.tests.test_iteration49_biometric.TestBiometricSecuritySettings" name="test_get_security_settings" time="0.659" /><testcase classname="backend.tests.test_iteration49_biometric.TestBiometricSecuritySettings" name="test_update_security_settings_biometric_toggle" time="0.557" /><testcase classname="backend.tests.test_iteration49_biometric.TestBiometricSecuritySettings" name="test_update_security_settings_photo_audit_toggle" time="0.621" /><testcase classname="backend.tests.test_iteration49_biometric.TestBiometricSecuritySettingsStaffAccess" name="test_staff_can_read_security_settings" time="0.575" /><testcase classname="backend.tests.test_iteration49_biometric.TestBiometricSecuritySettingsStaffAccess" name="test_staff_cannot_update_security_settings" time="0.470" /><testcase classname="backend.tests.test_iteration49_biometric.TestClockMeBiometricEnforcement" name="test_clock_me_rejected_when_biometric_required_and_not_verified" time="2.327" /><testcase classname="backend.tests.test_iteration49_biometric.TestClockMeBiometricEnforcement" name="test_clock_me_rejected_when_biometric_missing" time="1.681" /><testcase classname="backend.tests.test_iteration49_biometric.TestClockMeBiometricEnforcement" name="test_clock_me_succeeds_with_biometric_verified" time="2.292" /><testcase classname="backend.tests.test_iteration49_biometric.TestClockMeBiometricEnforcement" name="test_clock_me_works_when_biometric_not_required" time="2.190" /><testcase classname="backend.tests.test_iteration49_biometric.TestAttendanceRecordBiometricField" name="test_attendance_record_includes_biometric_verified" time="2.368" /><testcase classname="backend.tests.test_iteration49_biometric.TestCleanup" name="test_reset_biometric_required" time="0.523" /></testsuite></testsuites>