<?xml version="1.0" encoding="utf-8"?><testsuites name="pytest tests"><testsuite name="pytest" errors="0" failures="0" skipped="0" tests="9" time="3.707" timestamp="2026-04-18T19:52:51.691200+00:00" hostname="agent-env-2b236eb7-34f5-49d8-add3-0e9c0b785fc0"><testcase classname="backend.tests.test_iteration56_fixes.TestOnboardingEndpoints" name="test_onboarding_get_valid_token" time="0.271" /><testcase classname="backend.tests.test_iteration56_fixes.TestOnboardingEndpoints" name="test_onboarding_get_invalid_token" time="0.116" /><testcase classname="backend.tests.test_iteration56_fixes.TestOnboardingEndpoints" name="test_onboarding_complete_invalid_token" time="0.170" /><testcase classname="backend.tests.test_iteration56_fixes.TestTimesheetRejectEndpoint" name="test_reject_endpoint_exists" time="0.517" /><testcase classname="backend.tests.test_iteration56_fixes.TestTimesheetRejectEndpoint" name="test_reject_endpoint_with_auth" time="0.633" /><testcase classname="backend.tests.test_iteration56_fixes.TestWeekStartDayInRestaurantSettings" name="test_restaurants_my_returns_week_start_day" time="0.460" /><testcase classname="backend.tests.test_iteration56_fixes.TestTimesheetSummaryEndpoint" name="test_timesheet_summary_returns_expected_fields" time="0.534" /><testcase classname="backend.tests.test_iteration56_fixes.TestTimesheetApproveAndUnlock" name="test_approve_endpoint_exists" time="0.479" /><testcase classname="backend.tests.test_iteration56_fixes.TestTimesheetApproveAndUnlock" name="test_unlock_endpoint_exists" time="0.462" /></testsuite></testsuites>