<?xml version="1.0" encoding="utf-8"?><testsuites name="pytest tests"><testsuite name="pytest" errors="0" failures="0" skipped="0" tests="12" time="6.254" timestamp="2026-04-10T20:20:40.304779+00:00" hostname="agent-env-6d386a81-ead2-4275-9fc0-22fa5976135b"><testcase classname="backend.tests.test_iteration28_bug_fixes.TestAtomicOrderCounter" name="test_sequential_order_numbers" time="0.743" /><testcase classname="backend.tests.test_iteration28_bug_fixes.TestAtomicOrderCounter" name="test_concurrent_order_creation_no_duplicates" time="0.335" /><testcase classname="backend.tests.test_iteration28_bug_fixes.TestOrderTableNameStorage" name="test_order_with_table_stores_table_name" time="0.218" /><testcase classname="backend.tests.test_iteration28_bug_fixes.TestOrderTableNameStorage" name="test_order_without_table_has_null_table_name" time="0.110" /><testcase classname="backend.tests.test_iteration28_bug_fixes.TestKDSPublicEndpointTableEnrichment" name="test_kds_public_orders_include_table_name" time="0.726" /><testcase classname="backend.tests.test_iteration28_bug_fixes.TestKDSPublicEndpointTableEnrichment" name="test_kds_authenticated_orders_include_table_info" time="0.234" /><testcase classname="backend.tests.test_iteration28_bug_fixes.TestPrinterCheckEndpoint" name="test_printer_check_endpoint_exists" time="3.124" /><testcase classname="backend.tests.test_iteration28_bug_fixes.TestOrdersAPIBasics" name="test_get_pending_orders" time="0.164" /><testcase classname="backend.tests.test_iteration28_bug_fixes.TestOrdersAPIBasics" name="test_get_all_orders_today" time="0.108" /><testcase classname="backend.tests.test_iteration28_bug_fixes.TestKDSStats" name="test_kds_stats_authenticated" time="0.120" /><testcase classname="backend.tests.test_iteration28_bug_fixes.TestKDSStats" name="test_kds_stats_public" time="0.152" /><testcase classname="backend.tests.test_iteration28_bug_fixes.TestTablesAPI" name="test_get_tables" time="0.157" /></testsuite></testsuites>