<?xml version="1.0" encoding="utf-8"?><testsuites name="pytest tests"><testsuite name="pytest" errors="0" failures="0" skipped="0" tests="10" time="4.969" timestamp="2026-04-15T16:08:50.888469+00:00" hostname="agent-env-2b236eb7-34f5-49d8-add3-0e9c0b785fc0"><testcase classname="backend.tests.test_iteration47_bug_fixes.TestUsernameSpaceValidation" name="test_register_rejects_username_with_spaces" time="0.314" /><testcase classname="backend.tests.test_iteration47_bug_fixes.TestUsernameSpaceValidation" name="test_register_rejects_username_with_single_space" time="0.163" /><testcase classname="backend.tests.test_iteration47_bug_fixes.TestUsernameSpaceValidation" name="test_register_accepts_username_without_spaces" time="0.538" /><testcase classname="backend.tests.test_iteration47_bug_fixes.TestUsernameSpaceValidation" name="test_create_staff_rejects_username_with_spaces" time="0.583" /><testcase classname="backend.tests.test_iteration47_bug_fixes.TestUsernameSpaceValidation" name="test_create_staff_accepts_username_without_spaces" time="0.963" /><testcase classname="backend.tests.test_iteration47_bug_fixes.TestAvailabilityManagement" name="test_get_my_availability" time="0.747" /><testcase classname="backend.tests.test_iteration47_bug_fixes.TestAvailabilityManagement" name="test_create_availability_rule" time="0.430" /><testcase classname="backend.tests.test_iteration47_bug_fixes.TestAvailabilityManagement" name="test_delete_availability_rule" time="0.732" /><testcase classname="backend.tests.test_iteration47_bug_fixes.TestSchedulerBlocks" name="test_scheduler_blocks_returns_partial_day_times" time="0.130" /><testcase classname="backend.tests.test_iteration47_bug_fixes.TestCleanup" name="test_cleanup_availability_rules" time="0.301" /></testsuite></testsuites>