<?xml version="1.0" encoding="utf-8"?><testsuites name="pytest tests"><testsuite name="pytest" errors="0" failures="0" skipped="0" tests="15" time="6.878" timestamp="2026-04-05T11:26:31.975394+00:00" hostname="agent-env-6d386a81-ead2-4275-9fc0-22fa5976135b"><testcase classname="tests.test_iteration27_bug_fixes.TestAuthentication" name="test_platform_owner_login" time="0.468" /><testcase classname="tests.test_iteration27_bug_fixes.TestAuthentication" name="test_restaurant_admin_login" time="0.346" /><testcase classname="tests.test_iteration27_bug_fixes.TestCategoriesBugFix" name="test_categories_endpoint_returns_data" time="0.466" /><testcase classname="tests.test_iteration27_bug_fixes.TestCategoriesBugFix" name="test_categories_include_restaurant_id" time="0.479" /><testcase classname="tests.test_iteration27_bug_fixes.TestCategoriesBugFix" name="test_products_endpoint_returns_data" time="0.441" /><testcase classname="tests.test_iteration27_bug_fixes.TestCategoriesBugFix" name="test_new_restaurant_gets_default_categories" time="0.547" /><testcase classname="tests.test_iteration27_bug_fixes.TestReportsBugFix" name="test_reports_stats_endpoint" time="0.447" /><testcase classname="tests.test_iteration27_bug_fixes.TestReportsBugFix" name="test_reports_today_endpoint" time="0.454" /><testcase classname="tests.test_iteration27_bug_fixes.TestReportsBugFix" name="test_pdf_generation" time="0.488" /><testcase classname="tests.test_iteration27_bug_fixes.TestReportsBugFix" name="test_reports_date_filters" time="0.767" /><testcase classname="tests.test_iteration27_bug_fixes.TestPOSScreenCategories" name="test_pos_categories_visible" time="0.481" /><testcase classname="tests.test_iteration27_bug_fixes.TestPOSScreenCategories" name="test_pos_products_visible" time="0.434" /><testcase classname="tests.test_iteration27_bug_fixes.TestQRCodeURLFix" name="test_qr_tables_hashes_endpoint" time="0.437" /><testcase classname="tests.test_iteration27_bug_fixes.TestQRCodeURLFix" name="test_qr_menu_public_access" time="0.101" /><testcase classname="tests.test_iteration27_bug_fixes.TestPrinterSettingsPage" name="test_printers_endpoint" time="0.438" /></testsuite></testsuites>