<?xml version="1.0" encoding="utf-8"?><testsuites name="pytest tests"><testsuite name="pytest" errors="0" failures="0" skipped="0" tests="7" time="3.018" timestamp="2026-04-16T20:26:08.732481+00:00" hostname="agent-env-2b236eb7-34f5-49d8-add3-0e9c0b785fc0"><testcase classname="backend.tests.test_iteration54_geofence_email.TestGeofenceRadius" name="test_clock_me_within_30m_should_succeed" time="0.726" /><testcase classname="backend.tests.test_iteration54_geofence_email.TestGeofenceRadius" name="test_clock_me_at_80m_should_fail" time="0.128" /><testcase classname="backend.tests.test_iteration54_geofence_email.TestGeofenceRadius" name="test_geofence_uses_restaurant_radius_not_hardcoded" time="0.487" /><testcase classname="backend.tests.test_iteration54_geofence_email.TestEmailStatus" name="test_staff_creation_returns_email_status" time="0.725" /><testcase classname="backend.tests.test_iteration54_geofence_email.TestEmailStatus" name="test_staff_list_endpoint_works" time="0.148" /><testcase classname="backend.tests.test_iteration54_geofence_email.TestGeofenceConfiguration" name="test_update_geofence_radius" time="0.481" /><testcase classname="backend.tests.test_iteration54_geofence_email.TestClockMeCleanup" name="test_cleanup_clock_out_staff" time="0.256" /></testsuite></testsuites>