<?xml version="1.0" encoding="utf-8"?><testsuites name="pytest tests"><testsuite name="pytest" errors="0" failures="0" skipped="0" tests="15" time="8.954" timestamp="2026-04-02T17:24:39.479121+00:00" hostname="agent-env-3aba41d8-269e-4198-8566-db0f69501881"><testcase classname="backend.tests.test_iteration12_features.TestPrinterSubnetDetection" name="test_detect_subnet_returns_valid_response" time="0.723" /><testcase classname="backend.tests.test_iteration12_features.TestPrinterSubnetDetection" name="test_discover_printers_with_detected_subnet" time="1.231" /><testcase classname="backend.tests.test_iteration12_features.TestEmailStatus" name="test_email_status_returns_not_configured" time="0.457" /><testcase classname="backend.tests.test_iteration12_features.TestEmailStatus" name="test_email_status_requires_platform_owner" time="0.825" /><testcase classname="backend.tests.test_iteration12_features.TestEmailWelcome" name="test_welcome_email_returns_skipped" time="0.585" /><testcase classname="backend.tests.test_iteration12_features.TestEmailWelcome" name="test_welcome_email_invalid_restaurant" time="0.599" /><testcase classname="backend.tests.test_iteration12_features.TestEmailTrialReminder" name="test_trial_reminder_returns_skipped" time="0.574" /><testcase classname="backend.tests.test_iteration12_features.TestEmailTrialReminder" name="test_trial_reminder_invalid_restaurant" time="0.620" /><testcase classname="backend.tests.test_iteration12_features.TestEmailPaymentReminder" name="test_payment_reminder_returns_skipped" time="0.624" /><testcase classname="backend.tests.test_iteration12_features.TestEmailPaymentReminder" name="test_payment_reminder_invalid_restaurant" time="0.577" /><testcase classname="backend.tests.test_iteration12_features.TestLoginFlows" name="test_platform_owner_login" time="0.365" /><testcase classname="backend.tests.test_iteration12_features.TestLoginFlows" name="test_restaurant_admin_login" time="0.355" /><testcase classname="backend.tests.test_iteration12_features.TestLoginFlows" name="test_staff_user_login" time="0.351" /><testcase classname="backend.tests.test_iteration12_features.TestPOSAccess" name="test_staff_can_access_products" time="0.484" /><testcase classname="backend.tests.test_iteration12_features.TestPOSAccess" name="test_staff_can_access_categories" time="0.494" /></testsuite></testsuites>