<?xml version="1.0" encoding="utf-8"?><testsuites name="pytest tests"><testsuite name="pytest" errors="0" failures="0" skipped="0" tests="10" time="4.277" timestamp="2026-04-11T17:03:26.188447+00:00" hostname="agent-env-6d386a81-ead2-4275-9fc0-22fa5976135b"><testcase classname="backend.tests.test_iteration35_features.TestAuthAndRouting" name="test_skadmin_login_returns_features" time="0.392" /><testcase classname="backend.tests.test_iteration35_features.TestAuthAndRouting" name="test_staff_pin_login_returns_features" time="0.587" /><testcase classname="backend.tests.test_iteration35_features.TestWorkforceDashboardStats" name="test_dashboard_stats_endpoint_exists" time="0.399" /><testcase classname="backend.tests.test_iteration35_features.TestWorkforceDashboardStats" name="test_dashboard_stats_returns_correct_types" time="0.411" /><testcase classname="backend.tests.test_iteration35_features.TestWorkforceDashboardStats" name="test_dashboard_stats_clocked_in_staff_format" time="0.388" /><testcase classname="backend.tests.test_iteration35_features.TestSidebarConditionalItems" name="test_restaurant_features_include_pos_kds_qr_workforce" time="0.425" /><testcase classname="backend.tests.test_iteration35_features.TestSettingsEndpoints" name="test_staff_list_endpoint" time="0.416" /><testcase classname="backend.tests.test_iteration35_features.TestPOSStatsEndpoints" name="test_today_stats_endpoint" time="0.397" /><testcase classname="backend.tests.test_iteration35_features.TestPOSStatsEndpoints" name="test_weekly_trend_endpoint" time="0.392" /><testcase classname="backend.tests.test_iteration35_features.TestFloatingClockButtonLogic" name="test_my_status_endpoint" time="0.400" /></testsuite></testsuites>