<?xml version="1.0" encoding="utf-8"?><testsuites name="pytest tests"><testsuite name="pytest" errors="0" failures="0" skipped="0" tests="24" time="1.899" timestamp="2026-04-02T22:53:30.337975+00:00" hostname="agent-env-3aba41d8-269e-4198-8566-db0f69501881"><testcase classname="backend.tests.test_print_pending_orders.TestBackendPrintAPIs" name="test_get_default_printer" time="0.689" /><testcase classname="backend.tests.test_print_pending_orders.TestBackendPrintAPIs" name="test_get_pending_orders" time="0.481" /><testcase classname="backend.tests.test_print_pending_orders.TestBackendPrintAPIs" name="test_print_kitchen_receipt_endpoint" time="0.651" /><testcase classname="backend.tests.test_print_pending_orders.TestPOSScreenPrintButton" name="test_print_button_exists_on_pending_orders" time="0.001" /><testcase classname="backend.tests.test_print_pending_orders.TestPOSScreenPrintButton" name="test_print_button_calls_print_order_receipt" time="0.000" /><testcase classname="backend.tests.test_print_pending_orders.TestPOSScreenPrintButton" name="test_print_order_receipt_function_exists" time="0.000" /><testcase classname="backend.tests.test_print_pending_orders.TestPOSScreenPrintButton" name="test_print_order_receipt_calls_kitchen_api" time="0.000" /><testcase classname="backend.tests.test_print_pending_orders.TestPOSScreenPrintButton" name="test_four_column_grid_for_pending_order_buttons" time="0.000" /><testcase classname="backend.tests.test_print_pending_orders.TestIsPrintingState" name="test_is_printing_state_in_pos_screen" time="0.000" /><testcase classname="backend.tests.test_print_pending_orders.TestIsPrintingState" name="test_is_printing_check_in_send_to_printer" time="0.000" /><testcase classname="backend.tests.test_print_pending_orders.TestIsPrintingState" name="test_is_printing_check_in_print_order_receipt" time="0.000" /><testcase classname="backend.tests.test_print_pending_orders.TestIsPrintingState" name="test_printing_lock_in_printer_service" time="0.000" /><testcase classname="backend.tests.test_print_pending_orders.TestIsPrintingState" name="test_printing_lock_check_in_print_to_device" time="0.000" /><testcase classname="backend.tests.test_print_pending_orders.TestIsPrintingState" name="test_busy_error_message" time="0.000" /><testcase classname="backend.tests.test_print_pending_orders.TestAutoVsManualPrintLabels" name="test_kitchen_auto_label" time="0.000" /><testcase classname="backend.tests.test_print_pending_orders.TestAutoVsManualPrintLabels" name="test_customer_auto_label" time="0.000" /><testcase classname="backend.tests.test_print_pending_orders.TestAutoVsManualPrintLabels" name="test_auto_prints_dont_show_toast_errors" time="0.000" /><testcase classname="backend.tests.test_print_pending_orders.TestBluetoothErrorMessages" name="test_wifi_recommendation_in_bt_error" time="0.000" /><testcase classname="backend.tests.test_print_pending_orders.TestBluetoothErrorMessages" name="test_busy_printer_hint" time="0.000" /><testcase classname="backend.tests.test_print_pending_orders.TestPrinterSettingsMultiDeviceTip" name="test_multi_device_sharing_tip" time="0.000" /><testcase classname="backend.tests.test_print_pending_orders.TestPrinterSettingsMultiDeviceTip" name="test_wifi_recommended_for_multi_device" time="0.000" /><testcase classname="backend.tests.test_print_pending_orders.TestPrinterSettingsMultiDeviceTip" name="test_bluetooth_one_device_limitation" time="0.001" /><testcase classname="backend.tests.test_print_pending_orders.TestBLEScanNamedDevicesOnly" name="test_ble_scan_filters_unnamed_devices" time="0.000" /><testcase classname="backend.tests.test_print_pending_orders.TestBLEScanNamedDevicesOnly" name="test_printer_settings_filters_unnamed_ble" time="0.000" /></testsuite></testsuites>